<html>
<head>
<title>TestNG:  AuthRevamp_ARABIC_IOS</title>
<link href="../testng.css" rel="stylesheet" type="text/css" />
<link href="../my-testng.css" rel="stylesheet" type="text/css" />

<style type="text/css">
.log { display: none;} 
.stack-trace { display: none;} 
</style>
<script type="text/javascript">
<!--
function flip(e) {
  current = e.style.display;
  if (current == 'block') {
    e.style.display = 'none';
    return 0;
  }
  else {
    e.style.display = 'block';
    return 1;
  }
}

function toggleBox(szDivId, elem, msg1, msg2)
{
  var res = -1;  if (document.getElementById) {
    res = flip(document.getElementById(szDivId));
  }
  else if (document.all) {
    // this is the way old msie versions work
    res = flip(document.all[szDivId]);
  }
  if(elem) {
    if(res == 0) elem.innerHTML = msg1; else elem.innerHTML = msg2;
  }

}

function toggleAllBoxes() {
  if (document.getElementsByTagName) {
    d = document.getElementsByTagName('div');
    for (i = 0; i < d.length; i++) {
      if (d[i].className == 'log') {
        flip(d[i]);
      }
    }
  }
}

// -->
</script>

</head>
<body>
<h2 align='center'>AuthRevamp_ARABIC_IOS</h2><table border='1' align="center">
<tr>
<td>Tests passed/Failed/Skipped:</td><td>0/0/1</td>
</tr><tr>
<td>Started on:</td><td>Wed Nov 11 16:34:26 EET 2020</td>
</tr>
<tr><td>Total time:</td><td>0 seconds (211 ms)</td>
</tr><tr>
<td>Included groups:</td><td></td>
</tr><tr>
<td>Excluded groups:</td><td></td>
</tr>
</table><p/>
<small><i>(Hover the method name to see the test class name)</i></small><p/>
<table width='100%' border='1' class='invocation-failed'>
<tr><td colspan='4' align='center'><b>FAILED CONFIGURATIONS</b></td></tr>
<tr><td><b>Test method</b></td>
<td width="30%"><b>Exception</b></td>
<td width="10%"><b>Time (seconds)</b></td>
<td><b>Instance</b></td>
</tr>
<tr>
<td title='app.pages.PageObject.appInit()'><b>appInit</b><br>Test class: app.pages.PageObject<br>Parameters: ARABIC, IOS</td>
<td><div><pre>org.openqa.selenium.SessionNotCreatedException: Unable to create a new remote session. Please check the server log for more details. Original error: &apos;wdaLocalPort&apos; must be of type number; &apos;webkitDebugProxyPort&apos; must be of type number
Build info: version: &apos;3.141.59&apos;, revision: &apos;e82be7d358&apos;, time: &apos;2018-11-14T08:17:03&apos;
System info: host: &apos;IT3ANCVR&apos;, ip: &apos;10.227.116.129&apos;, os.name: &apos;Windows 10&apos;, os.arch: &apos;amd64&apos;, os.version: &apos;10.0&apos;, java.version: &apos;1.8.0_161&apos;
Driver info: driver.version: IOSDriver
remote stacktrace: InvalidArgumentError: &apos;wdaLocalPort&apos; must be of type number; &apos;webkitDebugProxyPort&apos; must be of type number
    at validateCaps (C:\Users\V19MOsman\AppData\Local\appium-desktop\app-1.6.2\resources\app\node_modules\appium\node_modules\appium-base-driver\lib\basedriver\capabilities.js:52:11)
    at parseCaps (C:\Users\V19MOsman\AppData\Local\appium-desktop\app-1.6.2\resources\app\node_modules\appium\node_modules\appium-base-driver\lib\basedriver\capabilities.js:154:20)
    at processCapabilities (C:\Users\V19MOsman\AppData\Local\appium-desktop\app-1.6.2\resources\app\node_modules\appium\node_modules\appium-base-driver\lib\basedriver\capabilities.js:197:43)
    at XCUITestDriver.callee$0$0$ (C:\Users\V19MOsman\AppData\Local\appium-desktop\app-1.6.2\resources\app\node_modules\appium\node_modules\appium-base-driver\lib\basedriver\commands\session.js:36:14)
    at tryCatch (C:\Users\V19MOsman\AppData\Local\appium-desktop\app-1.6.2\resources\app\node_modules\appium\node_modules\babel-runtime\regenerator\runtime.js:67:40)
    at GeneratorFunctionPrototype.invoke [as _invoke] (C:\Users\V19MOsman\AppData\Local\appium-desktop\app-1.6.2\resources\app\node_modules\appium\node_modules\babel-runtime\regenerator\runtime.js:315:22)
    at GeneratorFunctionPrototype.prototype.(anonymous function) [as next] (C:\Users\V19MOsman\AppData\Local\appium-desktop\app-1.6.2\resources\app\node_modules\appium\node_modules\babel-runtime\regenerator\runtime.js:100:21)
    at invoke (C:\Users\V19MOsman\AppData\Local\appium-desktop\app-1.6.2\resources\app\node_modules\appium\node_modules\babel-runtime\regenerator\runtime.js:136:37)
    at enqueueResult (C:\Users\V19MOsman\AppData\Local\appium-desktop\app-1.6.2\resources\app\node_modules\appium\node_modules\babel-runtime\regenerator\runtime.js:185:17)
    at new Promise (&lt;anonymous&gt;)
    at new F (C:\Users\V19MOsman\AppData\Local\appium-desktop\app-1.6.2\resources\app\node_modules\appium\node_modules\core-js\library\modules\$.export.js:30:36)
    at AsyncIterator.enqueue (C:\Users\V19MOsman\AppData\Local\appium-desktop\app-1.6.2\resources\app\node_modules\appium\node_modules\babel-runtime\regenerator\runtime.js:184:12)
    at AsyncIterator.prototype.(anonymous function) [as next] (C:\Users\V19MOsman\AppData\Local\appium-desktop\app-1.6.2\resources\app\node_modules\appium\node_modules\babel-runtime\regenerator\runtime.js:100:21)
    at Object.runtime.async (C:\Users\V19MOsman\AppData\Local\appium-desktop\app-1.6.2\resources\app\node_modules\appium\node_modules\babel-runtime\regenerator\runtime.js:209:12)
    at XCUITestDriver.callee$0$0 [as createSession] (C:\Users\V19MOsman\AppData\Local\appium-desktop\app-1.6.2\resources\app\node_modules\appium\node_modules\appium-base-driver\build\lib\basedriver\commands\session.js:35:30)
    at XCUITestDriver.createSession$ (C:\Users\V19MOsman\AppData\Local\appium-desktop\app-1.6.2\resources\app\node_modules\appium\node_modules\appium-xcuitest-driver\lib\driver.js:101:21)
    at tryCatch (C:\Users\V19MOsman\AppData\Local\appium-desktop\app-1.6.2\resources\app\node_modules\appium\node_modules\babel-runtime\regenerator\runtime.js:67:40)
    at GeneratorFunctionPrototype.invoke [as _invoke] (C:\Users\V19MOsman\AppData\Local\appium-desktop\app-1.6.2\resources\app\node_modules\appium\node_modules\babel-runtime\regenerator\runtime.js:315:22)
    at GeneratorFunctionPrototype.prototype.(anonymous function) [as next] (C:\Users\V19MOsman\AppData\Local\appium-desktop\app-1.6.2\resources\app\node_modules\appium\node_modules\babel-runtime\regenerator\runtime.js:100:21)
    at invoke (C:\Users\V19MOsman\AppData\Local\appium-desktop\app-1.6.2\resources\app\node_modules\appium\node_modules\babel-runtime\regenerator\runtime.js:136:37)
    at enqueueResult (C:\Users\V19MOsman\AppData\Local\appium-desktop\app-1.6.2\resources\app\node_modules\appium\node_modules\babel-runtime\regenerator\runtime.js:185:17)
    at new Promise (&lt;anonymous&gt;)
    at new F (C:\Users\V19MOsman\AppData\Local\appium-desktop\app-1.6.2\resources\app\node_modules\appium\node_modules\core-js\library\modules\$.export.js:30:36)
    at AsyncIterator.enqueue (C:\Users\V19MOsman\AppData\Local\appium-desktop\app-1.6.2\resources\app\node_modules\appium\node_modules\babel-runtime\regenerator\runtime.js:184:12)
    at AsyncIterator.prototype.(anonymous function) [as next] (C:\Users\V19MOsman\AppData\Local\appium-desktop\app-1.6.2\resources\app\node_modules\appium\node_modules\babel-runtime\regenerator\runtime.js:100:21)
    at Object.runtime.async (C:\Users\V19MOsman\AppData\Local\appium-desktop\app-1.6.2\resources\app\node_modules\appium\node_modules\babel-runtime\regenerator\runtime.js:209:12)
    at XCUITestDriver.createSession (C:\Users\V19MOsman\AppData\Local\appium-desktop\app-1.6.2\resources\app\node_modules\appium\node_modules\appium-xcuitest-driver\build\lib\driver.js:220:34)
    at AppiumDriver.callee$2$0$ (C:\Users\V19MOsman\AppData\Local\appium-desktop\app-1.6.2\resources\app\node_modules\appium\lib\appium.js:244:43)
    at tryCatch (C:\Users\V19MOsman\AppData\Local\appium-desktop\app-1.6.2\resources\app\node_modules\appium\node_modules\babel-runtime\regenerator\runtime.js:67:40)
    at GeneratorFunctionPrototype.invoke [as _invoke] (C:\Users\V19MOsman\AppData\Local\appium-desktop\app-1.6.2\resources\app\node_modules\appium\node_modules\babel-runtime\regenerator\runtime.js:315:22)
    at GeneratorFunctionPrototype.prototype.(anonymous function) [as next] (C:\Users\V19MOsman\AppData\Local\appium-desktop\app-1.6.2\resources\app\node_modules\appium\node_modules\babel-runtime\regenerator\runtime.js:100:21)
    at GeneratorFunctionPrototype.invoke (C:\Users\V19MOsman\AppData\Local\appium-desktop\app-1.6.2\resources\app\node_modules\appium\node_modules\babel-runtime\regenerator\runtime.js:136:37)
    at &lt;anonymous&gt;
    at process._tickCallback (internal/process/next_tick.js:188:7)
Build info: version: &apos;3.141.59&apos;, revision: &apos;e82be7d358&apos;, time: &apos;2018-11-14T08:17:03&apos;
System info: host: &apos;IT3ANCVR&apos;, ip: &apos;10.227.116.129&apos;, os.name: &apos;Windows 10&apos;, os.arch: &apos;amd64&apos;, os.version: &apos;10.0&apos;, java.version: &apos;1.8.0_161&apos;
Driver info: driver.version: IOSDriver
	at io.appium.java_client.remote.AppiumCommandExecutor$1.createSession(AppiumCommandExecutor.java:208)
	at io.appium.java_client.remote.AppiumCommandExecutor.createSession(AppiumCommandExecutor.java:217)
	at io.appium.java_client.remote.AppiumCommandExecutor.execute(AppiumCommandExecutor.java:239)
	at org.openqa.selenium.remote.RemoteWebDriver.execute(RemoteWebDriver.java:552)
	at io.appium.java_client.DefaultGenericMobileDriver.execute(DefaultGenericMobileDriver.java:42)
	at io.appium.java_client.AppiumDriver.execute(AppiumDriver.java:1)
	at io.appium.java_client.ios.IOSDriver.execute(IOSDriver.java:1)
	at org.openqa.selenium.remote.RemoteWebDriver.startSession(RemoteWebDriver.java:213)
	at org.openqa.selenium.remote.RemoteWebDriver.&lt;init&gt;(RemoteWebDriver.java:131)
	at io.appium.java_client.DefaultGenericMobileDriver.&lt;init&gt;(DefaultGenericMobileDriver.java:38)
	at io.appium.java_client.AppiumDriver.&lt;init&gt;(AppiumDriver.java:84)
	at io.appium.java_client.AppiumDriver.&lt;init&gt;(AppiumDriver.java:94)
	at io.appium.java_client.ios.IOSDriver.&lt;init&gt;(IOSDriver.java:95)
	at utilities.TestBase.appInit(TestBase.java:80)
	at io.appium.java_client.remote.AppiumCommandExecutor$1.createSession(AppiumCommandExecutor.java:186)
	... 37 more
Caused by: org.openqa.selenium.InvalidArgumentException: &apos;wdaLocalPort&apos; must be of type number; &apos;webkitDebugProxyPort&apos; must be of type number
Build info: version: &apos;3.141.59&apos;, revision: &apos;e82be7d358&apos;, time: &apos;2018-11-14T08:17:03&apos;
System info: host: &apos;IT3ANCVR&apos;, ip: &apos;10.227.116.129&apos;, os.name: &apos;Windows 10&apos;, os.arch: &apos;amd64&apos;, os.version: &apos;10.0&apos;, java.version: &apos;1.8.0_161&apos;
Driver info: driver.version: IOSDriver
remote stacktrace: InvalidArgumentError: &apos;wdaLocalPort&apos; must be of type number; &apos;webkitDebugProxyPort&apos; must be of type number
    at validateCaps (C:\Users\V19MOsman\AppData\Local\appium-desktop\app-1.6.2\resources\app\node_modules\appium\node_modules\appium-base-driver\lib\basedriver\capabilities.js:52:11)
    at parseCaps (C:\Users\V19MOsman\AppData\Local\appium-desktop\app-1.6.2\resources\app\node_modules\appium\node_modules\appium-base-driver\lib\basedriver\capabilities.js:154:20)
    at processCapabilities (C:\Users\V19MOsman\AppData\Local\appium-desktop\app-1.6.2\resources\app\node_modules\appium\node_modules\appium-base-driver\lib\basedriver\capabilities.js:197:43)
    at XCUITestDriver.callee$0$0$ (C:\Users\V19MOsman\AppData\Local\appium-desktop\app-1.6.2\resources\app\node_modules\appium\node_modules\appium-base-driver\lib\basedriver\commands\session.js:36:14)
    at tryCatch (C:\Users\V19MOsman\AppData\Local\appium-desktop\app-1.6.2\resources\app\node_modules\appium\node_modules\babel-runtime\regenerator\runtime.js:67:40)
    at GeneratorFunctionPrototype.invoke [as _invoke] (C:\Users\V19MOsman\AppData\Local\appium-desktop\app-1.6.2\resources\app\node_modules\appium\node_modules\babel-runtime\regenerator\runtime.js:315:22)
    at GeneratorFunctionPrototype.prototype.(anonymous function) [as next] (C:\Users\V19MOsman\AppData\Local\appium-desktop\app-1.6.2\resources\app\node_modules\appium\node_modules\babel-runtime\regenerator\runtime.js:100:21)
    at invoke (C:\Users\V19MOsman\AppData\Local\appium-desktop\app-1.6.2\resources\app\node_modules\appium\node_modules\babel-runtime\regenerator\runtime.js:136:37)
    at enqueueResult (C:\Users\V19MOsman\AppData\Local\appium-desktop\app-1.6.2\resources\app\node_modules\appium\node_modules\babel-runtime\regenerator\runtime.js:185:17)
    at new Promise (&lt;anonymous&gt;)
    at new F (C:\Users\V19MOsman\AppData\Local\appium-desktop\app-1.6.2\resources\app\node_modules\appium\node_modules\core-js\library\modules\$.export.js:30:36)
    at AsyncIterator.enqueue (C:\Users\V19MOsman\AppData\Local\appium-desktop\app-1.6.2\resources\app\node_modules\appium\node_modules\babel-runtime\regenerator\runtime.js:184:12)
    at AsyncIterator.prototype.(anonymous function) [as next] (C:\Users\V19MOsman\AppData\Local\appium-desktop\app-1.6.2\resources\app\node_modules\appium\node_modules\babel-runtime\regenerator\runtime.js:100:21)
    at Object.runtime.async (C:\Users\V19MOsman\AppData\Local\appium-desktop\app-1.6.2\resources\app\node_modules\appium\node_modules\babel-runtime\regenerator\runtime.js:209:12)
    at XCUITestDriver.callee$0$0 [as createSession] (C:\Users\V19MOsman\AppData\Local\appium-desktop\app-1.6.2\resources\app\node_modules\appium\node_modules\appium-base-driver\build\lib\basedriver\commands\session.js:35:30)
    at XCUITestDriver.createSession$ (C:\Users\V19MOsman\AppData\Local\appium-desktop\app-1.6.2\resources\app\node_modules\appium\node_modules\appium-xcuitest-driver\lib\driver.js:101:21)
    at tryCatch (C:\Users\V19MOsman\AppData\Local\appium-desktop\app-1.6.2\resources\app\node_modules\appium\node_modules\babel-runtime\regenerator\runtime.js:67:40)
    at GeneratorFunctionPrototype.invoke [as _invoke] (C:\Users\V19MOsman\AppData\Local\appium-desktop\app-1.6.2\resources\app\node_modules\appium\node_modules\babel-runtime\regenerator\runtime.js:315:22)
    at GeneratorFunctionPrototype.prototype.(anonymous function) [as next] (C:\Users\V19MOsman\AppData\Local\appium-desktop\app-1.6.2\resources\app\node_modules\appium\node_modules\babel-runtime\regenerator\runtime.js:100:21)
    at invoke (C:\Users\V19MOsman\AppData\Local\appium-desktop\app-1.6.2\resources\app\node_modules\appium\node_modules\babel-runtime\regenerator\runtime.js:136:37)
    at enqueueResult (C:\Users\V19MOsman\AppData\Local\appium-desktop\app-1.6.2\resources\app\node_modules\appium\node_modules\babel-runtime\regenerator\runtime.js:185:17)
    at new Promise (&lt;anonymous&gt;)
    at new F (C:\Users\V19MOsman\AppData\Local\appium-desktop\app-1.6.2\resources\app\node_modules\appium\node_modules\core-js\library\modules\$.export.js:30:36)
    at AsyncIterator.enqueue (C:\Users\V19MOsman\AppData\Local\appium-desktop\app-1.6.2\resources\app\node_modules\appium\node_modules\babel-runtime\regenerator\runtime.js:184:12)
    at AsyncIterator.prototype.(anonymous function) [as next] (C:\Users\V19MOsman\AppData\Local\appium-desktop\app-1.6.2\resources\app\node_modules\appium\node_modules\babel-runtime\regenerator\runtime.js:100:21)
    at Object.runtime.async (C:\Users\V19MOsman\AppData\Local\appium-desktop\app-1.6.2\resources\app\node_modules\appium\node_modules\babel-runtime\regenerator\runtime.js:209:12)
    at XCUITestDriver.createSession (C:\Users\V19MOsman\AppData\Local\appium-desktop\app-1.6.2\resources\app\node_modules\appium\node_modules\appium-xcuitest-driver\build\lib\driver.js:220:34)
    at AppiumDriver.callee$2$0$ (C:\Users\V19MOsman\AppData\Local\appium-desktop\app-1.6.2\resources\app\node_modules\appium\lib\appium.js:244:43)
    at tryCatch (C:\Users\V19MOsman\AppData\Local\appium-desktop\app-1.6.2\resources\app\node_modules\appium\node_modules\babel-runtime\regenerator\runtime.js:67:40)
    at GeneratorFunctionPrototype.invoke [as _invoke] (C:\Users\V19MOsman\AppData\Local\appium-desktop\app-1.6.2\resources\app\node_modules\appium\node_modules\babel-runtime\regenerator\runtime.js:315:22)
    at GeneratorFunctionPrototype.prototype.(anonymous function) [as next] (C:\Users\V19MOsman\AppData\Local\appium-desktop\app-1.6.2\resources\app\node_modules\appium\node_modules\babel-runtime\regenerator\runtime.js:100:21)
    at GeneratorFunctionPrototype.invoke (C:\Users\V19MOsman\AppData\Local\appium-desktop\app-1.6.2\resources\app\node_modules\appium\node_modules\babel-runtime\regenerator\runtime.js:136:37)
    at &lt;anonymous&gt;
    at process._tickCallback (internal/process/next_tick.js:188:7)
	at org.openqa.selenium.remote.W3CHandshakeResponse.lambda$errorHandler$0(W3CHandshakeResponse.java:62)
	at org.openqa.selenium.remote.HandshakeResponse.lambda$getResponseFunction$0(HandshakeResponse.java:30)
	at org.openqa.selenium.remote.ProtocolHandshake.lambda$createSession$0(ProtocolHandshake.java:126)
	at java.util.stream.ReferencePipeline$3$1.accept(Unknown Source)
	at java.util.Spliterators$ArraySpliterator.tryAdvance(Unknown Source)
	at java.util.stream.ReferencePipeline.forEachWithCancel(Unknown Source)
	at java.util.stream.AbstractPipeline.copyIntoWithCancel(Unknown Source)
	at java.util.stream.AbstractPipeline.copyInto(Unknown Source)
	at java.util.stream.AbstractPipeline.wrapAndCopyInto(Unknown Source)
	at java.util.stream.FindOps$FindOp.evaluateSequential(Unknown Source)
	at java.util.stream.AbstractPipeline.evaluate(Unknown Source)
	at java.util.stream.ReferencePipeline.findFirst(Unknown Source)
	at org.openqa.selenium.remote.ProtocolHandshake.createSession(ProtocolHandshake.java:128)
	... 42 more
... Removed 33 stack frames</pre></div><a href='#' onClick='toggleBox("stack-trace745571392", this, "Click to show all stack frames", "Click to hide stack frames")'>Click to show all stack frames</a>
<div class='stack-trace' id='stack-trace745571392'><pre>org.openqa.selenium.SessionNotCreatedException: Unable to create a new remote session. Please check the server log for more details. Original error: &apos;wdaLocalPort&apos; must be of type number; &apos;webkitDebugProxyPort&apos; must be of type number
Build info: version: &apos;3.141.59&apos;, revision: &apos;e82be7d358&apos;, time: &apos;2018-11-14T08:17:03&apos;
System info: host: &apos;IT3ANCVR&apos;, ip: &apos;10.227.116.129&apos;, os.name: &apos;Windows 10&apos;, os.arch: &apos;amd64&apos;, os.version: &apos;10.0&apos;, java.version: &apos;1.8.0_161&apos;
Driver info: driver.version: IOSDriver
remote stacktrace: InvalidArgumentError: &apos;wdaLocalPort&apos; must be of type number; &apos;webkitDebugProxyPort&apos; must be of type number
    at validateCaps (C:\Users\V19MOsman\AppData\Local\appium-desktop\app-1.6.2\resources\app\node_modules\appium\node_modules\appium-base-driver\lib\basedriver\capabilities.js:52:11)
    at parseCaps (C:\Users\V19MOsman\AppData\Local\appium-desktop\app-1.6.2\resources\app\node_modules\appium\node_modules\appium-base-driver\lib\basedriver\capabilities.js:154:20)
    at processCapabilities (C:\Users\V19MOsman\AppData\Local\appium-desktop\app-1.6.2\resources\app\node_modules\appium\node_modules\appium-base-driver\lib\basedriver\capabilities.js:197:43)
    at XCUITestDriver.callee$0$0$ (C:\Users\V19MOsman\AppData\Local\appium-desktop\app-1.6.2\resources\app\node_modules\appium\node_modules\appium-base-driver\lib\basedriver\commands\session.js:36:14)
    at tryCatch (C:\Users\V19MOsman\AppData\Local\appium-desktop\app-1.6.2\resources\app\node_modules\appium\node_modules\babel-runtime\regenerator\runtime.js:67:40)
    at GeneratorFunctionPrototype.invoke [as _invoke] (C:\Users\V19MOsman\AppData\Local\appium-desktop\app-1.6.2\resources\app\node_modules\appium\node_modules\babel-runtime\regenerator\runtime.js:315:22)
    at GeneratorFunctionPrototype.prototype.(anonymous function) [as next] (C:\Users\V19MOsman\AppData\Local\appium-desktop\app-1.6.2\resources\app\node_modules\appium\node_modules\babel-runtime\regenerator\runtime.js:100:21)
    at invoke (C:\Users\V19MOsman\AppData\Local\appium-desktop\app-1.6.2\resources\app\node_modules\appium\node_modules\babel-runtime\regenerator\runtime.js:136:37)
    at enqueueResult (C:\Users\V19MOsman\AppData\Local\appium-desktop\app-1.6.2\resources\app\node_modules\appium\node_modules\babel-runtime\regenerator\runtime.js:185:17)
    at new Promise (&lt;anonymous&gt;)
    at new F (C:\Users\V19MOsman\AppData\Local\appium-desktop\app-1.6.2\resources\app\node_modules\appium\node_modules\core-js\library\modules\$.export.js:30:36)
    at AsyncIterator.enqueue (C:\Users\V19MOsman\AppData\Local\appium-desktop\app-1.6.2\resources\app\node_modules\appium\node_modules\babel-runtime\regenerator\runtime.js:184:12)
    at AsyncIterator.prototype.(anonymous function) [as next] (C:\Users\V19MOsman\AppData\Local\appium-desktop\app-1.6.2\resources\app\node_modules\appium\node_modules\babel-runtime\regenerator\runtime.js:100:21)
    at Object.runtime.async (C:\Users\V19MOsman\AppData\Local\appium-desktop\app-1.6.2\resources\app\node_modules\appium\node_modules\babel-runtime\regenerator\runtime.js:209:12)
    at XCUITestDriver.callee$0$0 [as createSession] (C:\Users\V19MOsman\AppData\Local\appium-desktop\app-1.6.2\resources\app\node_modules\appium\node_modules\appium-base-driver\build\lib\basedriver\commands\session.js:35:30)
    at XCUITestDriver.createSession$ (C:\Users\V19MOsman\AppData\Local\appium-desktop\app-1.6.2\resources\app\node_modules\appium\node_modules\appium-xcuitest-driver\lib\driver.js:101:21)
    at tryCatch (C:\Users\V19MOsman\AppData\Local\appium-desktop\app-1.6.2\resources\app\node_modules\appium\node_modules\babel-runtime\regenerator\runtime.js:67:40)
    at GeneratorFunctionPrototype.invoke [as _invoke] (C:\Users\V19MOsman\AppData\Local\appium-desktop\app-1.6.2\resources\app\node_modules\appium\node_modules\babel-runtime\regenerator\runtime.js:315:22)
    at GeneratorFunctionPrototype.prototype.(anonymous function) [as next] (C:\Users\V19MOsman\AppData\Local\appium-desktop\app-1.6.2\resources\app\node_modules\appium\node_modules\babel-runtime\regenerator\runtime.js:100:21)
    at invoke (C:\Users\V19MOsman\AppData\Local\appium-desktop\app-1.6.2\resources\app\node_modules\appium\node_modules\babel-runtime\regenerator\runtime.js:136:37)
    at enqueueResult (C:\Users\V19MOsman\AppData\Local\appium-desktop\app-1.6.2\resources\app\node_modules\appium\node_modules\babel-runtime\regenerator\runtime.js:185:17)
    at new Promise (&lt;anonymous&gt;)
    at new F (C:\Users\V19MOsman\AppData\Local\appium-desktop\app-1.6.2\resources\app\node_modules\appium\node_modules\core-js\library\modules\$.export.js:30:36)
    at AsyncIterator.enqueue (C:\Users\V19MOsman\AppData\Local\appium-desktop\app-1.6.2\resources\app\node_modules\appium\node_modules\babel-runtime\regenerator\runtime.js:184:12)
    at AsyncIterator.prototype.(anonymous function) [as next] (C:\Users\V19MOsman\AppData\Local\appium-desktop\app-1.6.2\resources\app\node_modules\appium\node_modules\babel-runtime\regenerator\runtime.js:100:21)
    at Object.runtime.async (C:\Users\V19MOsman\AppData\Local\appium-desktop\app-1.6.2\resources\app\node_modules\appium\node_modules\babel-runtime\regenerator\runtime.js:209:12)
    at XCUITestDriver.createSession (C:\Users\V19MOsman\AppData\Local\appium-desktop\app-1.6.2\resources\app\node_modules\appium\node_modules\appium-xcuitest-driver\build\lib\driver.js:220:34)
    at AppiumDriver.callee$2$0$ (C:\Users\V19MOsman\AppData\Local\appium-desktop\app-1.6.2\resources\app\node_modules\appium\lib\appium.js:244:43)
    at tryCatch (C:\Users\V19MOsman\AppData\Local\appium-desktop\app-1.6.2\resources\app\node_modules\appium\node_modules\babel-runtime\regenerator\runtime.js:67:40)
    at GeneratorFunctionPrototype.invoke [as _invoke] (C:\Users\V19MOsman\AppData\Local\appium-desktop\app-1.6.2\resources\app\node_modules\appium\node_modules\babel-runtime\regenerator\runtime.js:315:22)
    at GeneratorFunctionPrototype.prototype.(anonymous function) [as next] (C:\Users\V19MOsman\AppData\Local\appium-desktop\app-1.6.2\resources\app\node_modules\appium\node_modules\babel-runtime\regenerator\runtime.js:100:21)
    at GeneratorFunctionPrototype.invoke (C:\Users\V19MOsman\AppData\Local\appium-desktop\app-1.6.2\resources\app\node_modules\appium\node_modules\babel-runtime\regenerator\runtime.js:136:37)
    at &lt;anonymous&gt;
    at process._tickCallback (internal/process/next_tick.js:188:7)
Build info: version: &apos;3.141.59&apos;, revision: &apos;e82be7d358&apos;, time: &apos;2018-11-14T08:17:03&apos;
System info: host: &apos;IT3ANCVR&apos;, ip: &apos;10.227.116.129&apos;, os.name: &apos;Windows 10&apos;, os.arch: &apos;amd64&apos;, os.version: &apos;10.0&apos;, java.version: &apos;1.8.0_161&apos;
Driver info: driver.version: IOSDriver
	at io.appium.java_client.remote.AppiumCommandExecutor$1.createSession(AppiumCommandExecutor.java:208)
	at io.appium.java_client.remote.AppiumCommandExecutor.createSession(AppiumCommandExecutor.java:217)
	at io.appium.java_client.remote.AppiumCommandExecutor.execute(AppiumCommandExecutor.java:239)
	at org.openqa.selenium.remote.RemoteWebDriver.execute(RemoteWebDriver.java:552)
	at io.appium.java_client.DefaultGenericMobileDriver.execute(DefaultGenericMobileDriver.java:42)
	at io.appium.java_client.AppiumDriver.execute(AppiumDriver.java:1)
	at io.appium.java_client.ios.IOSDriver.execute(IOSDriver.java:1)
	at org.openqa.selenium.remote.RemoteWebDriver.startSession(RemoteWebDriver.java:213)
	at org.openqa.selenium.remote.RemoteWebDriver.&lt;init&gt;(RemoteWebDriver.java:131)
	at io.appium.java_client.DefaultGenericMobileDriver.&lt;init&gt;(DefaultGenericMobileDriver.java:38)
	at io.appium.java_client.AppiumDriver.&lt;init&gt;(AppiumDriver.java:84)
	at io.appium.java_client.AppiumDriver.&lt;init&gt;(AppiumDriver.java:94)
	at io.appium.java_client.ios.IOSDriver.&lt;init&gt;(IOSDriver.java:95)
	at utilities.TestBase.appInit(TestBase.java:80)
	at sun.reflect.NativeMethodAccessorImpl.invoke0(Native Method)
	at sun.reflect.NativeMethodAccessorImpl.invoke(Unknown Source)
	at sun.reflect.DelegatingMethodAccessorImpl.invoke(Unknown Source)
	at java.lang.reflect.Method.invoke(Unknown Source)
	at org.testng.internal.MethodInvocationHelper.invokeMethod(MethodInvocationHelper.java:124)
	at org.testng.internal.MethodInvocationHelper.invokeMethodConsideringTimeout(MethodInvocationHelper.java:59)
	at org.testng.internal.Invoker.invokeConfigurationMethod(Invoker.java:458)
	at org.testng.internal.Invoker.invokeConfigurations(Invoker.java:222)
	at org.testng.internal.Invoker.invokeConfigurations(Invoker.java:142)
	at org.testng.TestRunner.beforeRun(TestRunner.java:529)
	at org.testng.TestRunner.run(TestRunner.java:497)
	at org.testng.SuiteRunner.runTest(SuiteRunner.java:455)
	at org.testng.SuiteRunner.runSequentially(SuiteRunner.java:450)
	at org.testng.SuiteRunner.privateRun(SuiteRunner.java:415)
	at org.testng.SuiteRunner.run(SuiteRunner.java:364)
	at org.testng.SuiteRunnerWorker.runSuite(SuiteRunnerWorker.java:52)
	at org.testng.SuiteRunnerWorker.run(SuiteRunnerWorker.java:84)
	at org.testng.TestNG.runSuitesSequentially(TestNG.java:1208)
	at org.testng.TestNG.runSuitesLocally(TestNG.java:1137)
	at org.testng.TestNG.runSuites(TestNG.java:1049)
	at org.testng.TestNG.run(TestNG.java:1017)
	at org.testng.remote.AbstractRemoteTestNG.run(AbstractRemoteTestNG.java:115)
	at org.testng.remote.RemoteTestNG.initAndRun(RemoteTestNG.java:251)
	at org.testng.remote.RemoteTestNG.main(RemoteTestNG.java:77)
Caused by: java.lang.reflect.InvocationTargetException
	at sun.reflect.NativeMethodAccessorImpl.invoke0(Native Method)
	at sun.reflect.NativeMethodAccessorImpl.invoke(Unknown Source)
	at sun.reflect.DelegatingMethodAccessorImpl.invoke(Unknown Source)
	at java.lang.reflect.Method.invoke(Unknown Source)
	at io.appium.java_client.remote.AppiumCommandExecutor$1.createSession(AppiumCommandExecutor.java:186)
	... 37 more
Caused by: org.openqa.selenium.InvalidArgumentException: &apos;wdaLocalPort&apos; must be of type number; &apos;webkitDebugProxyPort&apos; must be of type number
Build info: version: &apos;3.141.59&apos;, revision: &apos;e82be7d358&apos;, time: &apos;2018-11-14T08:17:03&apos;
System info: host: &apos;IT3ANCVR&apos;, ip: &apos;10.227.116.129&apos;, os.name: &apos;Windows 10&apos;, os.arch: &apos;amd64&apos;, os.version: &apos;10.0&apos;, java.version: &apos;1.8.0_161&apos;
Driver info: driver.version: IOSDriver
remote stacktrace: InvalidArgumentError: &apos;wdaLocalPort&apos; must be of type number; &apos;webkitDebugProxyPort&apos; must be of type number
    at validateCaps (C:\Users\V19MOsman\AppData\Local\appium-desktop\app-1.6.2\resources\app\node_modules\appium\node_modules\appium-base-driver\lib\basedriver\capabilities.js:52:11)
    at parseCaps (C:\Users\V19MOsman\AppData\Local\appium-desktop\app-1.6.2\resources\app\node_modules\appium\node_modules\appium-base-driver\lib\basedriver\capabilities.js:154:20)
    at processCapabilities (C:\Users\V19MOsman\AppData\Local\appium-desktop\app-1.6.2\resources\app\node_modules\appium\node_modules\appium-base-driver\lib\basedriver\capabilities.js:197:43)
    at XCUITestDriver.callee$0$0$ (C:\Users\V19MOsman\AppData\Local\appium-desktop\app-1.6.2\resources\app\node_modules\appium\node_modules\appium-base-driver\lib\basedriver\commands\session.js:36:14)
    at tryCatch (C:\Users\V19MOsman\AppData\Local\appium-desktop\app-1.6.2\resources\app\node_modules\appium\node_modules\babel-runtime\regenerator\runtime.js:67:40)
    at GeneratorFunctionPrototype.invoke [as _invoke] (C:\Users\V19MOsman\AppData\Local\appium-desktop\app-1.6.2\resources\app\node_modules\appium\node_modules\babel-runtime\regenerator\runtime.js:315:22)
    at GeneratorFunctionPrototype.prototype.(anonymous function) [as next] (C:\Users\V19MOsman\AppData\Local\appium-desktop\app-1.6.2\resources\app\node_modules\appium\node_modules\babel-runtime\regenerator\runtime.js:100:21)
    at invoke (C:\Users\V19MOsman\AppData\Local\appium-desktop\app-1.6.2\resources\app\node_modules\appium\node_modules\babel-runtime\regenerator\runtime.js:136:37)
    at enqueueResult (C:\Users\V19MOsman\AppData\Local\appium-desktop\app-1.6.2\resources\app\node_modules\appium\node_modules\babel-runtime\regenerator\runtime.js:185:17)
    at new Promise (&lt;anonymous&gt;)
    at new F (C:\Users\V19MOsman\AppData\Local\appium-desktop\app-1.6.2\resources\app\node_modules\appium\node_modules\core-js\library\modules\$.export.js:30:36)
    at AsyncIterator.enqueue (C:\Users\V19MOsman\AppData\Local\appium-desktop\app-1.6.2\resources\app\node_modules\appium\node_modules\babel-runtime\regenerator\runtime.js:184:12)
    at AsyncIterator.prototype.(anonymous function) [as next] (C:\Users\V19MOsman\AppData\Local\appium-desktop\app-1.6.2\resources\app\node_modules\appium\node_modules\babel-runtime\regenerator\runtime.js:100:21)
    at Object.runtime.async (C:\Users\V19MOsman\AppData\Local\appium-desktop\app-1.6.2\resources\app\node_modules\appium\node_modules\babel-runtime\regenerator\runtime.js:209:12)
    at XCUITestDriver.callee$0$0 [as createSession] (C:\Users\V19MOsman\AppData\Local\appium-desktop\app-1.6.2\resources\app\node_modules\appium\node_modules\appium-base-driver\build\lib\basedriver\commands\session.js:35:30)
    at XCUITestDriver.createSession$ (C:\Users\V19MOsman\AppData\Local\appium-desktop\app-1.6.2\resources\app\node_modules\appium\node_modules\appium-xcuitest-driver\lib\driver.js:101:21)
    at tryCatch (C:\Users\V19MOsman\AppData\Local\appium-desktop\app-1.6.2\resources\app\node_modules\appium\node_modules\babel-runtime\regenerator\runtime.js:67:40)
    at GeneratorFunctionPrototype.invoke [as _invoke] (C:\Users\V19MOsman\AppData\Local\appium-desktop\app-1.6.2\resources\app\node_modules\appium\node_modules\babel-runtime\regenerator\runtime.js:315:22)
    at GeneratorFunctionPrototype.prototype.(anonymous function) [as next] (C:\Users\V19MOsman\AppData\Local\appium-desktop\app-1.6.2\resources\app\node_modules\appium\node_modules\babel-runtime\regenerator\runtime.js:100:21)
    at invoke (C:\Users\V19MOsman\AppData\Local\appium-desktop\app-1.6.2\resources\app\node_modules\appium\node_modules\babel-runtime\regenerator\runtime.js:136:37)
    at enqueueResult (C:\Users\V19MOsman\AppData\Local\appium-desktop\app-1.6.2\resources\app\node_modules\appium\node_modules\babel-runtime\regenerator\runtime.js:185:17)
    at new Promise (&lt;anonymous&gt;)
    at new F (C:\Users\V19MOsman\AppData\Local\appium-desktop\app-1.6.2\resources\app\node_modules\appium\node_modules\core-js\library\modules\$.export.js:30:36)
    at AsyncIterator.enqueue (C:\Users\V19MOsman\AppData\Local\appium-desktop\app-1.6.2\resources\app\node_modules\appium\node_modules\babel-runtime\regenerator\runtime.js:184:12)
    at AsyncIterator.prototype.(anonymous function) [as next] (C:\Users\V19MOsman\AppData\Local\appium-desktop\app-1.6.2\resources\app\node_modules\appium\node_modules\babel-runtime\regenerator\runtime.js:100:21)
    at Object.runtime.async (C:\Users\V19MOsman\AppData\Local\appium-desktop\app-1.6.2\resources\app\node_modules\appium\node_modules\babel-runtime\regenerator\runtime.js:209:12)
    at XCUITestDriver.createSession (C:\Users\V19MOsman\AppData\Local\appium-desktop\app-1.6.2\resources\app\node_modules\appium\node_modules\appium-xcuitest-driver\build\lib\driver.js:220:34)
    at AppiumDriver.callee$2$0$ (C:\Users\V19MOsman\AppData\Local\appium-desktop\app-1.6.2\resources\app\node_modules\appium\lib\appium.js:244:43)
    at tryCatch (C:\Users\V19MOsman\AppData\Local\appium-desktop\app-1.6.2\resources\app\node_modules\appium\node_modules\babel-runtime\regenerator\runtime.js:67:40)
    at GeneratorFunctionPrototype.invoke [as _invoke] (C:\Users\V19MOsman\AppData\Local\appium-desktop\app-1.6.2\resources\app\node_modules\appium\node_modules\babel-runtime\regenerator\runtime.js:315:22)
    at GeneratorFunctionPrototype.prototype.(anonymous function) [as next] (C:\Users\V19MOsman\AppData\Local\appium-desktop\app-1.6.2\resources\app\node_modules\appium\node_modules\babel-runtime\regenerator\runtime.js:100:21)
    at GeneratorFunctionPrototype.invoke (C:\Users\V19MOsman\AppData\Local\appium-desktop\app-1.6.2\resources\app\node_modules\appium\node_modules\babel-runtime\regenerator\runtime.js:136:37)
    at &lt;anonymous&gt;
    at process._tickCallback (internal/process/next_tick.js:188:7)
	at sun.reflect.NativeConstructorAccessorImpl.newInstance0(Native Method)
	at sun.reflect.NativeConstructorAccessorImpl.newInstance(Unknown Source)
	at sun.reflect.DelegatingConstructorAccessorImpl.newInstance(Unknown Source)
	at java.lang.reflect.Constructor.newInstance(Unknown Source)
	at org.openqa.selenium.remote.W3CHandshakeResponse.lambda$errorHandler$0(W3CHandshakeResponse.java:62)
	at org.openqa.selenium.remote.HandshakeResponse.lambda$getResponseFunction$0(HandshakeResponse.java:30)
	at org.openqa.selenium.remote.ProtocolHandshake.lambda$createSession$0(ProtocolHandshake.java:126)
	at java.util.stream.ReferencePipeline$3$1.accept(Unknown Source)
	at java.util.Spliterators$ArraySpliterator.tryAdvance(Unknown Source)
	at java.util.stream.ReferencePipeline.forEachWithCancel(Unknown Source)
	at java.util.stream.AbstractPipeline.copyIntoWithCancel(Unknown Source)
	at java.util.stream.AbstractPipeline.copyInto(Unknown Source)
	at java.util.stream.AbstractPipeline.wrapAndCopyInto(Unknown Source)
	at java.util.stream.FindOps$FindOp.evaluateSequential(Unknown Source)
	at java.util.stream.AbstractPipeline.evaluate(Unknown Source)
	at java.util.stream.ReferencePipeline.findFirst(Unknown Source)
	at org.openqa.selenium.remote.ProtocolHandshake.createSession(ProtocolHandshake.java:128)
	... 42 more
</pre></div></td>
<td>0</td>
<td>app.pages.PageObject@4671e53b</td></tr>
</table><p>
<table width='100%' border='1' class='invocation-skipped'>
<tr><td colspan='4' align='center'><b>SKIPPED CONFIGURATIONS</b></td></tr>
<tr><td><b>Test method</b></td>
<td width="30%"><b>Exception</b></td>
<td width="10%"><b>Time (seconds)</b></td>
<td><b>Instance</b></td>
</tr>
<tr>
<td title='app.pages.PageObject.PageFactoryObject()'><b>PageFactoryObject</b><br>Test class: app.pages.PageObject</td>
<td></td>
<td>0</td>
<td>app.pages.PageObject@4671e53b</td></tr>
<tr>
<td title='app.pages.PageObject.startReport()'><b>startReport</b><br>Test class: app.pages.PageObject</td>
<td></td>
<td>0</td>
<td>utilities.ExtentReport@2db7a79b</td></tr>
<tr>
<td title='utilities.ExtentReport.endReport()'><b>endReport</b><br>Test class: utilities.ExtentReport</td>
<td></td>
<td>0</td>
<td>utilities.ExtentReport@2db7a79b</td></tr>
<tr>
<td title='utilities.ExtentReport.clearDriver()'><b>clearDriver</b><br>Test class: utilities.ExtentReport</td>
<td></td>
<td>0</td>
<td>app.pages.PageObject@4671e53b</td></tr>
</table><p>
<table width='100%' border='1' class='invocation-skipped'>
<tr><td colspan='4' align='center'><b>SKIPPED TESTS</b></td></tr>
<tr><td><b>Test method</b></td>
<td width="30%"><b>Exception</b></td>
<td width="10%"><b>Time (seconds)</b></td>
<td><b>Instance</b></td>
</tr>
<tr>
<td title='app.tickets.vov.VOVRunner.runScenario()'><b>runScenario</b><br>Test class: app.tickets.vov.VOVRunner<br>Test method: Runs Cucumber Scenarios</td>
<td><div><pre>org.openqa.selenium.SessionNotCreatedException: Unable to create a new remote session. Please check the server log for more details. Original error: &apos;wdaLocalPort&apos; must be of type number; &apos;webkitDebugProxyPort&apos; must be of type number
Build info: version: &apos;3.141.59&apos;, revision: &apos;e82be7d358&apos;, time: &apos;2018-11-14T08:17:03&apos;
System info: host: &apos;IT3ANCVR&apos;, ip: &apos;10.227.116.129&apos;, os.name: &apos;Windows 10&apos;, os.arch: &apos;amd64&apos;, os.version: &apos;10.0&apos;, java.version: &apos;1.8.0_161&apos;
Driver info: driver.version: IOSDriver
remote stacktrace: InvalidArgumentError: &apos;wdaLocalPort&apos; must be of type number; &apos;webkitDebugProxyPort&apos; must be of type number
    at validateCaps (C:\Users\V19MOsman\AppData\Local\appium-desktop\app-1.6.2\resources\app\node_modules\appium\node_modules\appium-base-driver\lib\basedriver\capabilities.js:52:11)
    at parseCaps (C:\Users\V19MOsman\AppData\Local\appium-desktop\app-1.6.2\resources\app\node_modules\appium\node_modules\appium-base-driver\lib\basedriver\capabilities.js:154:20)
    at processCapabilities (C:\Users\V19MOsman\AppData\Local\appium-desktop\app-1.6.2\resources\app\node_modules\appium\node_modules\appium-base-driver\lib\basedriver\capabilities.js:197:43)
    at XCUITestDriver.callee$0$0$ (C:\Users\V19MOsman\AppData\Local\appium-desktop\app-1.6.2\resources\app\node_modules\appium\node_modules\appium-base-driver\lib\basedriver\commands\session.js:36:14)
    at tryCatch (C:\Users\V19MOsman\AppData\Local\appium-desktop\app-1.6.2\resources\app\node_modules\appium\node_modules\babel-runtime\regenerator\runtime.js:67:40)
    at GeneratorFunctionPrototype.invoke [as _invoke] (C:\Users\V19MOsman\AppData\Local\appium-desktop\app-1.6.2\resources\app\node_modules\appium\node_modules\babel-runtime\regenerator\runtime.js:315:22)
    at GeneratorFunctionPrototype.prototype.(anonymous function) [as next] (C:\Users\V19MOsman\AppData\Local\appium-desktop\app-1.6.2\resources\app\node_modules\appium\node_modules\babel-runtime\regenerator\runtime.js:100:21)
    at invoke (C:\Users\V19MOsman\AppData\Local\appium-desktop\app-1.6.2\resources\app\node_modules\appium\node_modules\babel-runtime\regenerator\runtime.js:136:37)
    at enqueueResult (C:\Users\V19MOsman\AppData\Local\appium-desktop\app-1.6.2\resources\app\node_modules\appium\node_modules\babel-runtime\regenerator\runtime.js:185:17)
    at new Promise (&lt;anonymous&gt;)
    at new F (C:\Users\V19MOsman\AppData\Local\appium-desktop\app-1.6.2\resources\app\node_modules\appium\node_modules\core-js\library\modules\$.export.js:30:36)
    at AsyncIterator.enqueue (C:\Users\V19MOsman\AppData\Local\appium-desktop\app-1.6.2\resources\app\node_modules\appium\node_modules\babel-runtime\regenerator\runtime.js:184:12)
    at AsyncIterator.prototype.(anonymous function) [as next] (C:\Users\V19MOsman\AppData\Local\appium-desktop\app-1.6.2\resources\app\node_modules\appium\node_modules\babel-runtime\regenerator\runtime.js:100:21)
    at Object.runtime.async (C:\Users\V19MOsman\AppData\Local\appium-desktop\app-1.6.2\resources\app\node_modules\appium\node_modules\babel-runtime\regenerator\runtime.js:209:12)
    at XCUITestDriver.callee$0$0 [as createSession] (C:\Users\V19MOsman\AppData\Local\appium-desktop\app-1.6.2\resources\app\node_modules\appium\node_modules\appium-base-driver\build\lib\basedriver\commands\session.js:35:30)
    at XCUITestDriver.createSession$ (C:\Users\V19MOsman\AppData\Local\appium-desktop\app-1.6.2\resources\app\node_modules\appium\node_modules\appium-xcuitest-driver\lib\driver.js:101:21)
    at tryCatch (C:\Users\V19MOsman\AppData\Local\appium-desktop\app-1.6.2\resources\app\node_modules\appium\node_modules\babel-runtime\regenerator\runtime.js:67:40)
    at GeneratorFunctionPrototype.invoke [as _invoke] (C:\Users\V19MOsman\AppData\Local\appium-desktop\app-1.6.2\resources\app\node_modules\appium\node_modules\babel-runtime\regenerator\runtime.js:315:22)
    at GeneratorFunctionPrototype.prototype.(anonymous function) [as next] (C:\Users\V19MOsman\AppData\Local\appium-desktop\app-1.6.2\resources\app\node_modules\appium\node_modules\babel-runtime\regenerator\runtime.js:100:21)
    at invoke (C:\Users\V19MOsman\AppData\Local\appium-desktop\app-1.6.2\resources\app\node_modules\appium\node_modules\babel-runtime\regenerator\runtime.js:136:37)
    at enqueueResult (C:\Users\V19MOsman\AppData\Local\appium-desktop\app-1.6.2\resources\app\node_modules\appium\node_modules\babel-runtime\regenerator\runtime.js:185:17)
    at new Promise (&lt;anonymous&gt;)
    at new F (C:\Users\V19MOsman\AppData\Local\appium-desktop\app-1.6.2\resources\app\node_modules\appium\node_modules\core-js\library\modules\$.export.js:30:36)
    at AsyncIterator.enqueue (C:\Users\V19MOsman\AppData\Local\appium-desktop\app-1.6.2\resources\app\node_modules\appium\node_modules\babel-runtime\regenerator\runtime.js:184:12)
    at AsyncIterator.prototype.(anonymous function) [as next] (C:\Users\V19MOsman\AppData\Local\appium-desktop\app-1.6.2\resources\app\node_modules\appium\node_modules\babel-runtime\regenerator\runtime.js:100:21)
    at Object.runtime.async (C:\Users\V19MOsman\AppData\Local\appium-desktop\app-1.6.2\resources\app\node_modules\appium\node_modules\babel-runtime\regenerator\runtime.js:209:12)
    at XCUITestDriver.createSession (C:\Users\V19MOsman\AppData\Local\appium-desktop\app-1.6.2\resources\app\node_modules\appium\node_modules\appium-xcuitest-driver\build\lib\driver.js:220:34)
    at AppiumDriver.callee$2$0$ (C:\Users\V19MOsman\AppData\Local\appium-desktop\app-1.6.2\resources\app\node_modules\appium\lib\appium.js:244:43)
    at tryCatch (C:\Users\V19MOsman\AppData\Local\appium-desktop\app-1.6.2\resources\app\node_modules\appium\node_modules\babel-runtime\regenerator\runtime.js:67:40)
    at GeneratorFunctionPrototype.invoke [as _invoke] (C:\Users\V19MOsman\AppData\Local\appium-desktop\app-1.6.2\resources\app\node_modules\appium\node_modules\babel-runtime\regenerator\runtime.js:315:22)
    at GeneratorFunctionPrototype.prototype.(anonymous function) [as next] (C:\Users\V19MOsman\AppData\Local\appium-desktop\app-1.6.2\resources\app\node_modules\appium\node_modules\babel-runtime\regenerator\runtime.js:100:21)
    at GeneratorFunctionPrototype.invoke (C:\Users\V19MOsman\AppData\Local\appium-desktop\app-1.6.2\resources\app\node_modules\appium\node_modules\babel-runtime\regenerator\runtime.js:136:37)
    at &lt;anonymous&gt;
    at process._tickCallback (internal/process/next_tick.js:188:7)
Build info: version: &apos;3.141.59&apos;, revision: &apos;e82be7d358&apos;, time: &apos;2018-11-14T08:17:03&apos;
System info: host: &apos;IT3ANCVR&apos;, ip: &apos;10.227.116.129&apos;, os.name: &apos;Windows 10&apos;, os.arch: &apos;amd64&apos;, os.version: &apos;10.0&apos;, java.version: &apos;1.8.0_161&apos;
Driver info: driver.version: IOSDriver
	at io.appium.java_client.remote.AppiumCommandExecutor$1.createSession(AppiumCommandExecutor.java:208)
	at io.appium.java_client.remote.AppiumCommandExecutor.createSession(AppiumCommandExecutor.java:217)
	at io.appium.java_client.remote.AppiumCommandExecutor.execute(AppiumCommandExecutor.java:239)
	at org.openqa.selenium.remote.RemoteWebDriver.execute(RemoteWebDriver.java:552)
	at io.appium.java_client.DefaultGenericMobileDriver.execute(DefaultGenericMobileDriver.java:42)
	at io.appium.java_client.AppiumDriver.execute(AppiumDriver.java:1)
	at io.appium.java_client.ios.IOSDriver.execute(IOSDriver.java:1)
	at org.openqa.selenium.remote.RemoteWebDriver.startSession(RemoteWebDriver.java:213)
	at org.openqa.selenium.remote.RemoteWebDriver.&lt;init&gt;(RemoteWebDriver.java:131)
	at io.appium.java_client.DefaultGenericMobileDriver.&lt;init&gt;(DefaultGenericMobileDriver.java:38)
	at io.appium.java_client.AppiumDriver.&lt;init&gt;(AppiumDriver.java:84)
	at io.appium.java_client.AppiumDriver.&lt;init&gt;(AppiumDriver.java:94)
	at io.appium.java_client.ios.IOSDriver.&lt;init&gt;(IOSDriver.java:95)
	at utilities.TestBase.appInit(TestBase.java:80)
	at io.appium.java_client.remote.AppiumCommandExecutor$1.createSession(AppiumCommandExecutor.java:186)
	... 37 more
Caused by: org.openqa.selenium.InvalidArgumentException: &apos;wdaLocalPort&apos; must be of type number; &apos;webkitDebugProxyPort&apos; must be of type number
Build info: version: &apos;3.141.59&apos;, revision: &apos;e82be7d358&apos;, time: &apos;2018-11-14T08:17:03&apos;
System info: host: &apos;IT3ANCVR&apos;, ip: &apos;10.227.116.129&apos;, os.name: &apos;Windows 10&apos;, os.arch: &apos;amd64&apos;, os.version: &apos;10.0&apos;, java.version: &apos;1.8.0_161&apos;
Driver info: driver.version: IOSDriver
remote stacktrace: InvalidArgumentError: &apos;wdaLocalPort&apos; must be of type number; &apos;webkitDebugProxyPort&apos; must be of type number
    at validateCaps (C:\Users\V19MOsman\AppData\Local\appium-desktop\app-1.6.2\resources\app\node_modules\appium\node_modules\appium-base-driver\lib\basedriver\capabilities.js:52:11)
    at parseCaps (C:\Users\V19MOsman\AppData\Local\appium-desktop\app-1.6.2\resources\app\node_modules\appium\node_modules\appium-base-driver\lib\basedriver\capabilities.js:154:20)
    at processCapabilities (C:\Users\V19MOsman\AppData\Local\appium-desktop\app-1.6.2\resources\app\node_modules\appium\node_modules\appium-base-driver\lib\basedriver\capabilities.js:197:43)
    at XCUITestDriver.callee$0$0$ (C:\Users\V19MOsman\AppData\Local\appium-desktop\app-1.6.2\resources\app\node_modules\appium\node_modules\appium-base-driver\lib\basedriver\commands\session.js:36:14)
    at tryCatch (C:\Users\V19MOsman\AppData\Local\appium-desktop\app-1.6.2\resources\app\node_modules\appium\node_modules\babel-runtime\regenerator\runtime.js:67:40)
    at GeneratorFunctionPrototype.invoke [as _invoke] (C:\Users\V19MOsman\AppData\Local\appium-desktop\app-1.6.2\resources\app\node_modules\appium\node_modules\babel-runtime\regenerator\runtime.js:315:22)
    at GeneratorFunctionPrototype.prototype.(anonymous function) [as next] (C:\Users\V19MOsman\AppData\Local\appium-desktop\app-1.6.2\resources\app\node_modules\appium\node_modules\babel-runtime\regenerator\runtime.js:100:21)
    at invoke (C:\Users\V19MOsman\AppData\Local\appium-desktop\app-1.6.2\resources\app\node_modules\appium\node_modules\babel-runtime\regenerator\runtime.js:136:37)
    at enqueueResult (C:\Users\V19MOsman\AppData\Local\appium-desktop\app-1.6.2\resources\app\node_modules\appium\node_modules\babel-runtime\regenerator\runtime.js:185:17)
    at new Promise (&lt;anonymous&gt;)
    at new F (C:\Users\V19MOsman\AppData\Local\appium-desktop\app-1.6.2\resources\app\node_modules\appium\node_modules\core-js\library\modules\$.export.js:30:36)
    at AsyncIterator.enqueue (C:\Users\V19MOsman\AppData\Local\appium-desktop\app-1.6.2\resources\app\node_modules\appium\node_modules\babel-runtime\regenerator\runtime.js:184:12)
    at AsyncIterator.prototype.(anonymous function) [as next] (C:\Users\V19MOsman\AppData\Local\appium-desktop\app-1.6.2\resources\app\node_modules\appium\node_modules\babel-runtime\regenerator\runtime.js:100:21)
    at Object.runtime.async (C:\Users\V19MOsman\AppData\Local\appium-desktop\app-1.6.2\resources\app\node_modules\appium\node_modules\babel-runtime\regenerator\runtime.js:209:12)
    at XCUITestDriver.callee$0$0 [as createSession] (C:\Users\V19MOsman\AppData\Local\appium-desktop\app-1.6.2\resources\app\node_modules\appium\node_modules\appium-base-driver\build\lib\basedriver\commands\session.js:35:30)
    at XCUITestDriver.createSession$ (C:\Users\V19MOsman\AppData\Local\appium-desktop\app-1.6.2\resources\app\node_modules\appium\node_modules\appium-xcuitest-driver\lib\driver.js:101:21)
    at tryCatch (C:\Users\V19MOsman\AppData\Local\appium-desktop\app-1.6.2\resources\app\node_modules\appium\node_modules\babel-runtime\regenerator\runtime.js:67:40)
    at GeneratorFunctionPrototype.invoke [as _invoke] (C:\Users\V19MOsman\AppData\Local\appium-desktop\app-1.6.2\resources\app\node_modules\appium\node_modules\babel-runtime\regenerator\runtime.js:315:22)
    at GeneratorFunctionPrototype.prototype.(anonymous function) [as next] (C:\Users\V19MOsman\AppData\Local\appium-desktop\app-1.6.2\resources\app\node_modules\appium\node_modules\babel-runtime\regenerator\runtime.js:100:21)
    at invoke (C:\Users\V19MOsman\AppData\Local\appium-desktop\app-1.6.2\resources\app\node_modules\appium\node_modules\babel-runtime\regenerator\runtime.js:136:37)
    at enqueueResult (C:\Users\V19MOsman\AppData\Local\appium-desktop\app-1.6.2\resources\app\node_modules\appium\node_modules\babel-runtime\regenerator\runtime.js:185:17)
    at new Promise (&lt;anonymous&gt;)
    at new F (C:\Users\V19MOsman\AppData\Local\appium-desktop\app-1.6.2\resources\app\node_modules\appium\node_modules\core-js\library\modules\$.export.js:30:36)
    at AsyncIterator.enqueue (C:\Users\V19MOsman\AppData\Local\appium-desktop\app-1.6.2\resources\app\node_modules\appium\node_modules\babel-runtime\regenerator\runtime.js:184:12)
    at AsyncIterator.prototype.(anonymous function) [as next] (C:\Users\V19MOsman\AppData\Local\appium-desktop\app-1.6.2\resources\app\node_modules\appium\node_modules\babel-runtime\regenerator\runtime.js:100:21)
    at Object.runtime.async (C:\Users\V19MOsman\AppData\Local\appium-desktop\app-1.6.2\resources\app\node_modules\appium\node_modules\babel-runtime\regenerator\runtime.js:209:12)
    at XCUITestDriver.createSession (C:\Users\V19MOsman\AppData\Local\appium-desktop\app-1.6.2\resources\app\node_modules\appium\node_modules\appium-xcuitest-driver\build\lib\driver.js:220:34)
    at AppiumDriver.callee$2$0$ (C:\Users\V19MOsman\AppData\Local\appium-desktop\app-1.6.2\resources\app\node_modules\appium\lib\appium.js:244:43)
    at tryCatch (C:\Users\V19MOsman\AppData\Local\appium-desktop\app-1.6.2\resources\app\node_modules\appium\node_modules\babel-runtime\regenerator\runtime.js:67:40)
    at GeneratorFunctionPrototype.invoke [as _invoke] (C:\Users\V19MOsman\AppData\Local\appium-desktop\app-1.6.2\resources\app\node_modules\appium\node_modules\babel-runtime\regenerator\runtime.js:315:22)
    at GeneratorFunctionPrototype.prototype.(anonymous function) [as next] (C:\Users\V19MOsman\AppData\Local\appium-desktop\app-1.6.2\resources\app\node_modules\appium\node_modules\babel-runtime\regenerator\runtime.js:100:21)
    at GeneratorFunctionPrototype.invoke (C:\Users\V19MOsman\AppData\Local\appium-desktop\app-1.6.2\resources\app\node_modules\appium\node_modules\babel-runtime\regenerator\runtime.js:136:37)
    at &lt;anonymous&gt;
    at process._tickCallback (internal/process/next_tick.js:188:7)
	at org.openqa.selenium.remote.W3CHandshakeResponse.lambda$errorHandler$0(W3CHandshakeResponse.java:62)
	at org.openqa.selenium.remote.HandshakeResponse.lambda$getResponseFunction$0(HandshakeResponse.java:30)
	at org.openqa.selenium.remote.ProtocolHandshake.lambda$createSession$0(ProtocolHandshake.java:126)
	at java.util.stream.ReferencePipeline$3$1.accept(Unknown Source)
	at java.util.Spliterators$ArraySpliterator.tryAdvance(Unknown Source)
	at java.util.stream.ReferencePipeline.forEachWithCancel(Unknown Source)
	at java.util.stream.AbstractPipeline.copyIntoWithCancel(Unknown Source)
	at java.util.stream.AbstractPipeline.copyInto(Unknown Source)
	at java.util.stream.AbstractPipeline.wrapAndCopyInto(Unknown Source)
	at java.util.stream.FindOps$FindOp.evaluateSequential(Unknown Source)
	at java.util.stream.AbstractPipeline.evaluate(Unknown Source)
	at java.util.stream.ReferencePipeline.findFirst(Unknown Source)
	at org.openqa.selenium.remote.ProtocolHandshake.createSession(ProtocolHandshake.java:128)
	... 42 more
... Removed 33 stack frames</pre></div><a href='#' onClick='toggleBox("stack-trace543409470", this, "Click to show all stack frames", "Click to hide stack frames")'>Click to show all stack frames</a>
<div class='stack-trace' id='stack-trace543409470'><pre>org.openqa.selenium.SessionNotCreatedException: Unable to create a new remote session. Please check the server log for more details. Original error: &apos;wdaLocalPort&apos; must be of type number; &apos;webkitDebugProxyPort&apos; must be of type number
Build info: version: &apos;3.141.59&apos;, revision: &apos;e82be7d358&apos;, time: &apos;2018-11-14T08:17:03&apos;
System info: host: &apos;IT3ANCVR&apos;, ip: &apos;10.227.116.129&apos;, os.name: &apos;Windows 10&apos;, os.arch: &apos;amd64&apos;, os.version: &apos;10.0&apos;, java.version: &apos;1.8.0_161&apos;
Driver info: driver.version: IOSDriver
remote stacktrace: InvalidArgumentError: &apos;wdaLocalPort&apos; must be of type number; &apos;webkitDebugProxyPort&apos; must be of type number
    at validateCaps (C:\Users\V19MOsman\AppData\Local\appium-desktop\app-1.6.2\resources\app\node_modules\appium\node_modules\appium-base-driver\lib\basedriver\capabilities.js:52:11)
    at parseCaps (C:\Users\V19MOsman\AppData\Local\appium-desktop\app-1.6.2\resources\app\node_modules\appium\node_modules\appium-base-driver\lib\basedriver\capabilities.js:154:20)
    at processCapabilities (C:\Users\V19MOsman\AppData\Local\appium-desktop\app-1.6.2\resources\app\node_modules\appium\node_modules\appium-base-driver\lib\basedriver\capabilities.js:197:43)
    at XCUITestDriver.callee$0$0$ (C:\Users\V19MOsman\AppData\Local\appium-desktop\app-1.6.2\resources\app\node_modules\appium\node_modules\appium-base-driver\lib\basedriver\commands\session.js:36:14)
    at tryCatch (C:\Users\V19MOsman\AppData\Local\appium-desktop\app-1.6.2\resources\app\node_modules\appium\node_modules\babel-runtime\regenerator\runtime.js:67:40)
    at GeneratorFunctionPrototype.invoke [as _invoke] (C:\Users\V19MOsman\AppData\Local\appium-desktop\app-1.6.2\resources\app\node_modules\appium\node_modules\babel-runtime\regenerator\runtime.js:315:22)
    at GeneratorFunctionPrototype.prototype.(anonymous function) [as next] (C:\Users\V19MOsman\AppData\Local\appium-desktop\app-1.6.2\resources\app\node_modules\appium\node_modules\babel-runtime\regenerator\runtime.js:100:21)
    at invoke (C:\Users\V19MOsman\AppData\Local\appium-desktop\app-1.6.2\resources\app\node_modules\appium\node_modules\babel-runtime\regenerator\runtime.js:136:37)
    at enqueueResult (C:\Users\V19MOsman\AppData\Local\appium-desktop\app-1.6.2\resources\app\node_modules\appium\node_modules\babel-runtime\regenerator\runtime.js:185:17)
    at new Promise (&lt;anonymous&gt;)
    at new F (C:\Users\V19MOsman\AppData\Local\appium-desktop\app-1.6.2\resources\app\node_modules\appium\node_modules\core-js\library\modules\$.export.js:30:36)
    at AsyncIterator.enqueue (C:\Users\V19MOsman\AppData\Local\appium-desktop\app-1.6.2\resources\app\node_modules\appium\node_modules\babel-runtime\regenerator\runtime.js:184:12)
    at AsyncIterator.prototype.(anonymous function) [as next] (C:\Users\V19MOsman\AppData\Local\appium-desktop\app-1.6.2\resources\app\node_modules\appium\node_modules\babel-runtime\regenerator\runtime.js:100:21)
    at Object.runtime.async (C:\Users\V19MOsman\AppData\Local\appium-desktop\app-1.6.2\resources\app\node_modules\appium\node_modules\babel-runtime\regenerator\runtime.js:209:12)
    at XCUITestDriver.callee$0$0 [as createSession] (C:\Users\V19MOsman\AppData\Local\appium-desktop\app-1.6.2\resources\app\node_modules\appium\node_modules\appium-base-driver\build\lib\basedriver\commands\session.js:35:30)
    at XCUITestDriver.createSession$ (C:\Users\V19MOsman\AppData\Local\appium-desktop\app-1.6.2\resources\app\node_modules\appium\node_modules\appium-xcuitest-driver\lib\driver.js:101:21)
    at tryCatch (C:\Users\V19MOsman\AppData\Local\appium-desktop\app-1.6.2\resources\app\node_modules\appium\node_modules\babel-runtime\regenerator\runtime.js:67:40)
    at GeneratorFunctionPrototype.invoke [as _invoke] (C:\Users\V19MOsman\AppData\Local\appium-desktop\app-1.6.2\resources\app\node_modules\appium\node_modules\babel-runtime\regenerator\runtime.js:315:22)
    at GeneratorFunctionPrototype.prototype.(anonymous function) [as next] (C:\Users\V19MOsman\AppData\Local\appium-desktop\app-1.6.2\resources\app\node_modules\appium\node_modules\babel-runtime\regenerator\runtime.js:100:21)
    at invoke (C:\Users\V19MOsman\AppData\Local\appium-desktop\app-1.6.2\resources\app\node_modules\appium\node_modules\babel-runtime\regenerator\runtime.js:136:37)
    at enqueueResult (C:\Users\V19MOsman\AppData\Local\appium-desktop\app-1.6.2\resources\app\node_modules\appium\node_modules\babel-runtime\regenerator\runtime.js:185:17)
    at new Promise (&lt;anonymous&gt;)
    at new F (C:\Users\V19MOsman\AppData\Local\appium-desktop\app-1.6.2\resources\app\node_modules\appium\node_modules\core-js\library\modules\$.export.js:30:36)
    at AsyncIterator.enqueue (C:\Users\V19MOsman\AppData\Local\appium-desktop\app-1.6.2\resources\app\node_modules\appium\node_modules\babel-runtime\regenerator\runtime.js:184:12)
    at AsyncIterator.prototype.(anonymous function) [as next] (C:\Users\V19MOsman\AppData\Local\appium-desktop\app-1.6.2\resources\app\node_modules\appium\node_modules\babel-runtime\regenerator\runtime.js:100:21)
    at Object.runtime.async (C:\Users\V19MOsman\AppData\Local\appium-desktop\app-1.6.2\resources\app\node_modules\appium\node_modules\babel-runtime\regenerator\runtime.js:209:12)
    at XCUITestDriver.createSession (C:\Users\V19MOsman\AppData\Local\appium-desktop\app-1.6.2\resources\app\node_modules\appium\node_modules\appium-xcuitest-driver\build\lib\driver.js:220:34)
    at AppiumDriver.callee$2$0$ (C:\Users\V19MOsman\AppData\Local\appium-desktop\app-1.6.2\resources\app\node_modules\appium\lib\appium.js:244:43)
    at tryCatch (C:\Users\V19MOsman\AppData\Local\appium-desktop\app-1.6.2\resources\app\node_modules\appium\node_modules\babel-runtime\regenerator\runtime.js:67:40)
    at GeneratorFunctionPrototype.invoke [as _invoke] (C:\Users\V19MOsman\AppData\Local\appium-desktop\app-1.6.2\resources\app\node_modules\appium\node_modules\babel-runtime\regenerator\runtime.js:315:22)
    at GeneratorFunctionPrototype.prototype.(anonymous function) [as next] (C:\Users\V19MOsman\AppData\Local\appium-desktop\app-1.6.2\resources\app\node_modules\appium\node_modules\babel-runtime\regenerator\runtime.js:100:21)
    at GeneratorFunctionPrototype.invoke (C:\Users\V19MOsman\AppData\Local\appium-desktop\app-1.6.2\resources\app\node_modules\appium\node_modules\babel-runtime\regenerator\runtime.js:136:37)
    at &lt;anonymous&gt;
    at process._tickCallback (internal/process/next_tick.js:188:7)
Build info: version: &apos;3.141.59&apos;, revision: &apos;e82be7d358&apos;, time: &apos;2018-11-14T08:17:03&apos;
System info: host: &apos;IT3ANCVR&apos;, ip: &apos;10.227.116.129&apos;, os.name: &apos;Windows 10&apos;, os.arch: &apos;amd64&apos;, os.version: &apos;10.0&apos;, java.version: &apos;1.8.0_161&apos;
Driver info: driver.version: IOSDriver
	at io.appium.java_client.remote.AppiumCommandExecutor$1.createSession(AppiumCommandExecutor.java:208)
	at io.appium.java_client.remote.AppiumCommandExecutor.createSession(AppiumCommandExecutor.java:217)
	at io.appium.java_client.remote.AppiumCommandExecutor.execute(AppiumCommandExecutor.java:239)
	at org.openqa.selenium.remote.RemoteWebDriver.execute(RemoteWebDriver.java:552)
	at io.appium.java_client.DefaultGenericMobileDriver.execute(DefaultGenericMobileDriver.java:42)
	at io.appium.java_client.AppiumDriver.execute(AppiumDriver.java:1)
	at io.appium.java_client.ios.IOSDriver.execute(IOSDriver.java:1)
	at org.openqa.selenium.remote.RemoteWebDriver.startSession(RemoteWebDriver.java:213)
	at org.openqa.selenium.remote.RemoteWebDriver.&lt;init&gt;(RemoteWebDriver.java:131)
	at io.appium.java_client.DefaultGenericMobileDriver.&lt;init&gt;(DefaultGenericMobileDriver.java:38)
	at io.appium.java_client.AppiumDriver.&lt;init&gt;(AppiumDriver.java:84)
	at io.appium.java_client.AppiumDriver.&lt;init&gt;(AppiumDriver.java:94)
	at io.appium.java_client.ios.IOSDriver.&lt;init&gt;(IOSDriver.java:95)
	at utilities.TestBase.appInit(TestBase.java:80)
	at sun.reflect.NativeMethodAccessorImpl.invoke0(Native Method)
	at sun.reflect.NativeMethodAccessorImpl.invoke(Unknown Source)
	at sun.reflect.DelegatingMethodAccessorImpl.invoke(Unknown Source)
	at java.lang.reflect.Method.invoke(Unknown Source)
	at org.testng.internal.MethodInvocationHelper.invokeMethod(MethodInvocationHelper.java:124)
	at org.testng.internal.MethodInvocationHelper.invokeMethodConsideringTimeout(MethodInvocationHelper.java:59)
	at org.testng.internal.Invoker.invokeConfigurationMethod(Invoker.java:458)
	at org.testng.internal.Invoker.invokeConfigurations(Invoker.java:222)
	at org.testng.internal.Invoker.invokeConfigurations(Invoker.java:142)
	at org.testng.TestRunner.beforeRun(TestRunner.java:529)
	at org.testng.TestRunner.run(TestRunner.java:497)
	at org.testng.SuiteRunner.runTest(SuiteRunner.java:455)
	at org.testng.SuiteRunner.runSequentially(SuiteRunner.java:450)
	at org.testng.SuiteRunner.privateRun(SuiteRunner.java:415)
	at org.testng.SuiteRunner.run(SuiteRunner.java:364)
	at org.testng.SuiteRunnerWorker.runSuite(SuiteRunnerWorker.java:52)
	at org.testng.SuiteRunnerWorker.run(SuiteRunnerWorker.java:84)
	at org.testng.TestNG.runSuitesSequentially(TestNG.java:1208)
	at org.testng.TestNG.runSuitesLocally(TestNG.java:1137)
	at org.testng.TestNG.runSuites(TestNG.java:1049)
	at org.testng.TestNG.run(TestNG.java:1017)
	at org.testng.remote.AbstractRemoteTestNG.run(AbstractRemoteTestNG.java:115)
	at org.testng.remote.RemoteTestNG.initAndRun(RemoteTestNG.java:251)
	at org.testng.remote.RemoteTestNG.main(RemoteTestNG.java:77)
Caused by: java.lang.reflect.InvocationTargetException
	at sun.reflect.NativeMethodAccessorImpl.invoke0(Native Method)
	at sun.reflect.NativeMethodAccessorImpl.invoke(Unknown Source)
	at sun.reflect.DelegatingMethodAccessorImpl.invoke(Unknown Source)
	at java.lang.reflect.Method.invoke(Unknown Source)
	at io.appium.java_client.remote.AppiumCommandExecutor$1.createSession(AppiumCommandExecutor.java:186)
	... 37 more
Caused by: org.openqa.selenium.InvalidArgumentException: &apos;wdaLocalPort&apos; must be of type number; &apos;webkitDebugProxyPort&apos; must be of type number
Build info: version: &apos;3.141.59&apos;, revision: &apos;e82be7d358&apos;, time: &apos;2018-11-14T08:17:03&apos;
System info: host: &apos;IT3ANCVR&apos;, ip: &apos;10.227.116.129&apos;, os.name: &apos;Windows 10&apos;, os.arch: &apos;amd64&apos;, os.version: &apos;10.0&apos;, java.version: &apos;1.8.0_161&apos;
Driver info: driver.version: IOSDriver
remote stacktrace: InvalidArgumentError: &apos;wdaLocalPort&apos; must be of type number; &apos;webkitDebugProxyPort&apos; must be of type number
    at validateCaps (C:\Users\V19MOsman\AppData\Local\appium-desktop\app-1.6.2\resources\app\node_modules\appium\node_modules\appium-base-driver\lib\basedriver\capabilities.js:52:11)
    at parseCaps (C:\Users\V19MOsman\AppData\Local\appium-desktop\app-1.6.2\resources\app\node_modules\appium\node_modules\appium-base-driver\lib\basedriver\capabilities.js:154:20)
    at processCapabilities (C:\Users\V19MOsman\AppData\Local\appium-desktop\app-1.6.2\resources\app\node_modules\appium\node_modules\appium-base-driver\lib\basedriver\capabilities.js:197:43)
    at XCUITestDriver.callee$0$0$ (C:\Users\V19MOsman\AppData\Local\appium-desktop\app-1.6.2\resources\app\node_modules\appium\node_modules\appium-base-driver\lib\basedriver\commands\session.js:36:14)
    at tryCatch (C:\Users\V19MOsman\AppData\Local\appium-desktop\app-1.6.2\resources\app\node_modules\appium\node_modules\babel-runtime\regenerator\runtime.js:67:40)
    at GeneratorFunctionPrototype.invoke [as _invoke] (C:\Users\V19MOsman\AppData\Local\appium-desktop\app-1.6.2\resources\app\node_modules\appium\node_modules\babel-runtime\regenerator\runtime.js:315:22)
    at GeneratorFunctionPrototype.prototype.(anonymous function) [as next] (C:\Users\V19MOsman\AppData\Local\appium-desktop\app-1.6.2\resources\app\node_modules\appium\node_modules\babel-runtime\regenerator\runtime.js:100:21)
    at invoke (C:\Users\V19MOsman\AppData\Local\appium-desktop\app-1.6.2\resources\app\node_modules\appium\node_modules\babel-runtime\regenerator\runtime.js:136:37)
    at enqueueResult (C:\Users\V19MOsman\AppData\Local\appium-desktop\app-1.6.2\resources\app\node_modules\appium\node_modules\babel-runtime\regenerator\runtime.js:185:17)
    at new Promise (&lt;anonymous&gt;)
    at new F (C:\Users\V19MOsman\AppData\Local\appium-desktop\app-1.6.2\resources\app\node_modules\appium\node_modules\core-js\library\modules\$.export.js:30:36)
    at AsyncIterator.enqueue (C:\Users\V19MOsman\AppData\Local\appium-desktop\app-1.6.2\resources\app\node_modules\appium\node_modules\babel-runtime\regenerator\runtime.js:184:12)
    at AsyncIterator.prototype.(anonymous function) [as next] (C:\Users\V19MOsman\AppData\Local\appium-desktop\app-1.6.2\resources\app\node_modules\appium\node_modules\babel-runtime\regenerator\runtime.js:100:21)
    at Object.runtime.async (C:\Users\V19MOsman\AppData\Local\appium-desktop\app-1.6.2\resources\app\node_modules\appium\node_modules\babel-runtime\regenerator\runtime.js:209:12)
    at XCUITestDriver.callee$0$0 [as createSession] (C:\Users\V19MOsman\AppData\Local\appium-desktop\app-1.6.2\resources\app\node_modules\appium\node_modules\appium-base-driver\build\lib\basedriver\commands\session.js:35:30)
    at XCUITestDriver.createSession$ (C:\Users\V19MOsman\AppData\Local\appium-desktop\app-1.6.2\resources\app\node_modules\appium\node_modules\appium-xcuitest-driver\lib\driver.js:101:21)
    at tryCatch (C:\Users\V19MOsman\AppData\Local\appium-desktop\app-1.6.2\resources\app\node_modules\appium\node_modules\babel-runtime\regenerator\runtime.js:67:40)
    at GeneratorFunctionPrototype.invoke [as _invoke] (C:\Users\V19MOsman\AppData\Local\appium-desktop\app-1.6.2\resources\app\node_modules\appium\node_modules\babel-runtime\regenerator\runtime.js:315:22)
    at GeneratorFunctionPrototype.prototype.(anonymous function) [as next] (C:\Users\V19MOsman\AppData\Local\appium-desktop\app-1.6.2\resources\app\node_modules\appium\node_modules\babel-runtime\regenerator\runtime.js:100:21)
    at invoke (C:\Users\V19MOsman\AppData\Local\appium-desktop\app-1.6.2\resources\app\node_modules\appium\node_modules\babel-runtime\regenerator\runtime.js:136:37)
    at enqueueResult (C:\Users\V19MOsman\AppData\Local\appium-desktop\app-1.6.2\resources\app\node_modules\appium\node_modules\babel-runtime\regenerator\runtime.js:185:17)
    at new Promise (&lt;anonymous&gt;)
    at new F (C:\Users\V19MOsman\AppData\Local\appium-desktop\app-1.6.2\resources\app\node_modules\appium\node_modules\core-js\library\modules\$.export.js:30:36)
    at AsyncIterator.enqueue (C:\Users\V19MOsman\AppData\Local\appium-desktop\app-1.6.2\resources\app\node_modules\appium\node_modules\babel-runtime\regenerator\runtime.js:184:12)
    at AsyncIterator.prototype.(anonymous function) [as next] (C:\Users\V19MOsman\AppData\Local\appium-desktop\app-1.6.2\resources\app\node_modules\appium\node_modules\babel-runtime\regenerator\runtime.js:100:21)
    at Object.runtime.async (C:\Users\V19MOsman\AppData\Local\appium-desktop\app-1.6.2\resources\app\node_modules\appium\node_modules\babel-runtime\regenerator\runtime.js:209:12)
    at XCUITestDriver.createSession (C:\Users\V19MOsman\AppData\Local\appium-desktop\app-1.6.2\resources\app\node_modules\appium\node_modules\appium-xcuitest-driver\build\lib\driver.js:220:34)
    at AppiumDriver.callee$2$0$ (C:\Users\V19MOsman\AppData\Local\appium-desktop\app-1.6.2\resources\app\node_modules\appium\lib\appium.js:244:43)
    at tryCatch (C:\Users\V19MOsman\AppData\Local\appium-desktop\app-1.6.2\resources\app\node_modules\appium\node_modules\babel-runtime\regenerator\runtime.js:67:40)
    at GeneratorFunctionPrototype.invoke [as _invoke] (C:\Users\V19MOsman\AppData\Local\appium-desktop\app-1.6.2\resources\app\node_modules\appium\node_modules\babel-runtime\regenerator\runtime.js:315:22)
    at GeneratorFunctionPrototype.prototype.(anonymous function) [as next] (C:\Users\V19MOsman\AppData\Local\appium-desktop\app-1.6.2\resources\app\node_modules\appium\node_modules\babel-runtime\regenerator\runtime.js:100:21)
    at GeneratorFunctionPrototype.invoke (C:\Users\V19MOsman\AppData\Local\appium-desktop\app-1.6.2\resources\app\node_modules\appium\node_modules\babel-runtime\regenerator\runtime.js:136:37)
    at &lt;anonymous&gt;
    at process._tickCallback (internal/process/next_tick.js:188:7)
	at sun.reflect.NativeConstructorAccessorImpl.newInstance0(Native Method)
	at sun.reflect.NativeConstructorAccessorImpl.newInstance(Unknown Source)
	at sun.reflect.DelegatingConstructorAccessorImpl.newInstance(Unknown Source)
	at java.lang.reflect.Constructor.newInstance(Unknown Source)
	at org.openqa.selenium.remote.W3CHandshakeResponse.lambda$errorHandler$0(W3CHandshakeResponse.java:62)
	at org.openqa.selenium.remote.HandshakeResponse.lambda$getResponseFunction$0(HandshakeResponse.java:30)
	at org.openqa.selenium.remote.ProtocolHandshake.lambda$createSession$0(ProtocolHandshake.java:126)
	at java.util.stream.ReferencePipeline$3$1.accept(Unknown Source)
	at java.util.Spliterators$ArraySpliterator.tryAdvance(Unknown Source)
	at java.util.stream.ReferencePipeline.forEachWithCancel(Unknown Source)
	at java.util.stream.AbstractPipeline.copyIntoWithCancel(Unknown Source)
	at java.util.stream.AbstractPipeline.copyInto(Unknown Source)
	at java.util.stream.AbstractPipeline.wrapAndCopyInto(Unknown Source)
	at java.util.stream.FindOps$FindOp.evaluateSequential(Unknown Source)
	at java.util.stream.AbstractPipeline.evaluate(Unknown Source)
	at java.util.stream.ReferencePipeline.findFirst(Unknown Source)
	at org.openqa.selenium.remote.ProtocolHandshake.createSession(ProtocolHandshake.java:128)
	... 42 more
</pre></div></td>
<td>0</td>
<td>app.tickets.vov.VOVRunner@b7dd107</td></tr>
</table><p>
</body>
</html>