<html>
<head>
<title>TestNG:  HomeAndLogin_ENGLISH_ANDROID</title>
<link href="../testng.css" rel="stylesheet" type="text/css" />
<link href="../my-testng.css" rel="stylesheet" type="text/css" />

<style type="text/css">
.log { display: none;} 
.stack-trace { display: none;} 
</style>
<script type="text/javascript">
<!--
function flip(e) {
  current = e.style.display;
  if (current == 'block') {
    e.style.display = 'none';
    return 0;
  }
  else {
    e.style.display = 'block';
    return 1;
  }
}

function toggleBox(szDivId, elem, msg1, msg2)
{
  var res = -1;  if (document.getElementById) {
    res = flip(document.getElementById(szDivId));
  }
  else if (document.all) {
    // this is the way old msie versions work
    res = flip(document.all[szDivId]);
  }
  if(elem) {
    if(res == 0) elem.innerHTML = msg1; else elem.innerHTML = msg2;
  }

}

function toggleAllBoxes() {
  if (document.getElementsByTagName) {
    d = document.getElementsByTagName('div');
    for (i = 0; i < d.length; i++) {
      if (d[i].className == 'log') {
        flip(d[i]);
      }
    }
  }
}

// -->
</script>

</head>
<body>
<h2 align='center'>HomeAndLogin_ENGLISH_ANDROID</h2><table border='1' align="center">
<tr>
<td>Tests passed/Failed/Skipped:</td><td>20/5/0</td>
</tr><tr>
<td>Started on:</td><td>Wed Dec 16 12:36:44 EET 2020</td>
</tr>
<tr><td>Total time:</td><td>744 seconds (744647 ms)</td>
</tr><tr>
<td>Included groups:</td><td></td>
</tr><tr>
<td>Excluded groups:</td><td></td>
</tr>
</table><p/>
<small><i>(Hover the method name to see the test class name)</i></small><p/>
<table width='100%' border='1' class='invocation-failed'>
<tr><td colspan='4' align='center'><b>FAILED TESTS</b></td></tr>
<tr><td><b>Test method</b></td>
<td width="30%"><b>Exception</b></td>
<td width="10%"><b>Time (seconds)</b></td>
<td><b>Instance</b></td>
</tr>
<tr>
<td title='app.tickets.flexes.FlexRunner.runScenario()'><b>runScenario</b><br>Test class: app.tickets.flexes.FlexRunner<br>Test method: Runs Cucumber Scenarios<br>Parameters: "Check Flex returned  incase Dxlflag is true and consumption API up & working", "Optional[Usage consumption-flexes]"</td>
<td><div><pre>io.cucumber.core.runner.DuplicateStepDefinitionException: Duplicate step definitions in app.tickets.usageConsumption.InternetStepDef.user_logged_in_using_jwt_using_and(java.lang.String,java.lang.String) and app.tickets.usagemanagment.MinandSmsStepDef.user_logged_in_using_jwt_using_and(java.lang.String,java.lang.String)
	at io.cucumber.core.runner.CachingGlue.lambda$prepareGlue$3(CachingGlue.java:241)
	at java.util.ArrayList.forEach(Unknown Source)
	at io.cucumber.core.runner.CachingGlue.prepareGlue(CachingGlue.java:235)
	at io.cucumber.core.runner.Runner.runPickle(Runner.java:68)
	at io.cucumber.testng.TestNGCucumberRunner.lambda$runScenario$0(TestNGCucumberRunner.java:115)
	at io.cucumber.core.runtime.CucumberExecutionContext.runTestCase(CucumberExecutionContext.java:131)
	at io.cucumber.testng.TestNGCucumberRunner.runScenario(TestNGCucumberRunner.java:112)
	at io.cucumber.testng.AbstractTestNGCucumberTests.runScenario(AbstractTestNGCucumberTests.java:31)
... Removed 24 stack frames</pre></div><a href='#' onClick='toggleBox("stack-trace1025463690", this, "Click to show all stack frames", "Click to hide stack frames")'>Click to show all stack frames</a>
<div class='stack-trace' id='stack-trace1025463690'><pre>io.cucumber.core.runner.DuplicateStepDefinitionException: Duplicate step definitions in app.tickets.usageConsumption.InternetStepDef.user_logged_in_using_jwt_using_and(java.lang.String,java.lang.String) and app.tickets.usagemanagment.MinandSmsStepDef.user_logged_in_using_jwt_using_and(java.lang.String,java.lang.String)
	at io.cucumber.core.runner.CachingGlue.lambda$prepareGlue$3(CachingGlue.java:241)
	at java.util.ArrayList.forEach(Unknown Source)
	at io.cucumber.core.runner.CachingGlue.prepareGlue(CachingGlue.java:235)
	at io.cucumber.core.runner.Runner.runPickle(Runner.java:68)
	at io.cucumber.testng.TestNGCucumberRunner.lambda$runScenario$0(TestNGCucumberRunner.java:115)
	at io.cucumber.core.runtime.CucumberExecutionContext.runTestCase(CucumberExecutionContext.java:131)
	at io.cucumber.testng.TestNGCucumberRunner.runScenario(TestNGCucumberRunner.java:112)
	at io.cucumber.testng.AbstractTestNGCucumberTests.runScenario(AbstractTestNGCucumberTests.java:31)
	at sun.reflect.GeneratedMethodAccessor98.invoke(Unknown Source)
	at sun.reflect.DelegatingMethodAccessorImpl.invoke(Unknown Source)
	at java.lang.reflect.Method.invoke(Unknown Source)
	at org.testng.internal.MethodInvocationHelper.invokeMethod(MethodInvocationHelper.java:124)
	at org.testng.internal.Invoker.invokeMethod(Invoker.java:583)
	at org.testng.internal.Invoker.invokeTestMethod(Invoker.java:719)
	at org.testng.internal.Invoker.invokeTestMethods(Invoker.java:989)
	at org.testng.internal.TestMethodWorker.invokeTestMethods(TestMethodWorker.java:125)
	at org.testng.internal.TestMethodWorker.run(TestMethodWorker.java:109)
	at org.testng.TestRunner.privateRun(TestRunner.java:648)
	at org.testng.TestRunner.run(TestRunner.java:505)
	at org.testng.SuiteRunner.runTest(SuiteRunner.java:455)
	at org.testng.SuiteRunner.runSequentially(SuiteRunner.java:450)
	at org.testng.SuiteRunner.privateRun(SuiteRunner.java:415)
	at org.testng.SuiteRunner.run(SuiteRunner.java:364)
	at org.testng.SuiteRunnerWorker.runSuite(SuiteRunnerWorker.java:52)
	at org.testng.SuiteRunnerWorker.run(SuiteRunnerWorker.java:84)
	at org.testng.TestNG.runSuitesSequentially(TestNG.java:1208)
	at org.testng.TestNG.runSuitesLocally(TestNG.java:1137)
	at org.testng.TestNG.runSuites(TestNG.java:1049)
	at org.testng.TestNG.run(TestNG.java:1017)
	at org.testng.remote.AbstractRemoteTestNG.run(AbstractRemoteTestNG.java:115)
	at org.testng.remote.RemoteTestNG.initAndRun(RemoteTestNG.java:251)
	at org.testng.remote.RemoteTestNG.main(RemoteTestNG.java:77)
</pre></div></td>
<td>0</td>
<td>app.tickets.flexes.FlexRunner@5bcea91b</td></tr>
<tr>
<td title='app.tickets.flexes.FlexRunner.runScenario()'><b>runScenario</b><br>Test class: app.tickets.flexes.FlexRunner<br>Test method: Runs Cucumber Scenarios<br>Parameters: "Check Flex returned  incase Dxlflag is true and consumption API up & working", "Optional[Usage consumption-flexes]"</td>
<td><div><pre>io.cucumber.core.runner.DuplicateStepDefinitionException: Duplicate step definitions in app.tickets.usageConsumption.InternetStepDef.user_logged_in_using_jwt_using_and(java.lang.String,java.lang.String) and app.tickets.usagemanagment.MinandSmsStepDef.user_logged_in_using_jwt_using_and(java.lang.String,java.lang.String)
	at io.cucumber.core.runner.CachingGlue.lambda$prepareGlue$3(CachingGlue.java:241)
	at java.util.ArrayList.forEach(Unknown Source)
	at io.cucumber.core.runner.CachingGlue.prepareGlue(CachingGlue.java:235)
	at io.cucumber.core.runner.Runner.runPickle(Runner.java:68)
	at io.cucumber.testng.TestNGCucumberRunner.lambda$runScenario$0(TestNGCucumberRunner.java:115)
	at io.cucumber.core.runtime.CucumberExecutionContext.runTestCase(CucumberExecutionContext.java:131)
	at io.cucumber.testng.TestNGCucumberRunner.runScenario(TestNGCucumberRunner.java:112)
	at io.cucumber.testng.AbstractTestNGCucumberTests.runScenario(AbstractTestNGCucumberTests.java:31)
... Removed 24 stack frames</pre></div><a href='#' onClick='toggleBox("stack-trace687141632", this, "Click to show all stack frames", "Click to hide stack frames")'>Click to show all stack frames</a>
<div class='stack-trace' id='stack-trace687141632'><pre>io.cucumber.core.runner.DuplicateStepDefinitionException: Duplicate step definitions in app.tickets.usageConsumption.InternetStepDef.user_logged_in_using_jwt_using_and(java.lang.String,java.lang.String) and app.tickets.usagemanagment.MinandSmsStepDef.user_logged_in_using_jwt_using_and(java.lang.String,java.lang.String)
	at io.cucumber.core.runner.CachingGlue.lambda$prepareGlue$3(CachingGlue.java:241)
	at java.util.ArrayList.forEach(Unknown Source)
	at io.cucumber.core.runner.CachingGlue.prepareGlue(CachingGlue.java:235)
	at io.cucumber.core.runner.Runner.runPickle(Runner.java:68)
	at io.cucumber.testng.TestNGCucumberRunner.lambda$runScenario$0(TestNGCucumberRunner.java:115)
	at io.cucumber.core.runtime.CucumberExecutionContext.runTestCase(CucumberExecutionContext.java:131)
	at io.cucumber.testng.TestNGCucumberRunner.runScenario(TestNGCucumberRunner.java:112)
	at io.cucumber.testng.AbstractTestNGCucumberTests.runScenario(AbstractTestNGCucumberTests.java:31)
	at sun.reflect.GeneratedMethodAccessor98.invoke(Unknown Source)
	at sun.reflect.DelegatingMethodAccessorImpl.invoke(Unknown Source)
	at java.lang.reflect.Method.invoke(Unknown Source)
	at org.testng.internal.MethodInvocationHelper.invokeMethod(MethodInvocationHelper.java:124)
	at org.testng.internal.Invoker.invokeMethod(Invoker.java:583)
	at org.testng.internal.Invoker.invokeTestMethod(Invoker.java:719)
	at org.testng.internal.Invoker.invokeTestMethods(Invoker.java:989)
	at org.testng.internal.TestMethodWorker.invokeTestMethods(TestMethodWorker.java:125)
	at org.testng.internal.TestMethodWorker.run(TestMethodWorker.java:109)
	at org.testng.TestRunner.privateRun(TestRunner.java:648)
	at org.testng.TestRunner.run(TestRunner.java:505)
	at org.testng.SuiteRunner.runTest(SuiteRunner.java:455)
	at org.testng.SuiteRunner.runSequentially(SuiteRunner.java:450)
	at org.testng.SuiteRunner.privateRun(SuiteRunner.java:415)
	at org.testng.SuiteRunner.run(SuiteRunner.java:364)
	at org.testng.SuiteRunnerWorker.runSuite(SuiteRunnerWorker.java:52)
	at org.testng.SuiteRunnerWorker.run(SuiteRunnerWorker.java:84)
	at org.testng.TestNG.runSuitesSequentially(TestNG.java:1208)
	at org.testng.TestNG.runSuitesLocally(TestNG.java:1137)
	at org.testng.TestNG.runSuites(TestNG.java:1049)
	at org.testng.TestNG.run(TestNG.java:1017)
	at org.testng.remote.AbstractRemoteTestNG.run(AbstractRemoteTestNG.java:115)
	at org.testng.remote.RemoteTestNG.initAndRun(RemoteTestNG.java:251)
	at org.testng.remote.RemoteTestNG.main(RemoteTestNG.java:77)
</pre></div></td>
<td>0</td>
<td>app.tickets.flexes.FlexRunner@5bcea91b</td></tr>
<tr>
<td title='app.tickets.inaddons.InAddonRunner.runScenario()'><b>runScenario</b><br>Test class: app.tickets.inaddons.InAddonRunner<br>Test method: Runs Cucumber Scenarios<br>Parameters: "Validate In Addons returned successfully", "Optional[In Addons]"</td>
<td><div><pre>io.cucumber.core.runner.DuplicateStepDefinitionException: Duplicate step definitions in app.tickets.usageConsumption.InternetStepDef.user_logged_in_using_jwt_using_and(java.lang.String,java.lang.String) and app.tickets.usagemanagment.MinandSmsStepDef.user_logged_in_using_jwt_using_and(java.lang.String,java.lang.String)
	at io.cucumber.core.runner.CachingGlue.lambda$prepareGlue$3(CachingGlue.java:241)
	at java.util.ArrayList.forEach(Unknown Source)
	at io.cucumber.core.runner.CachingGlue.prepareGlue(CachingGlue.java:235)
	at io.cucumber.core.runner.Runner.runPickle(Runner.java:68)
	at io.cucumber.testng.TestNGCucumberRunner.lambda$runScenario$0(TestNGCucumberRunner.java:115)
	at io.cucumber.core.runtime.CucumberExecutionContext.runTestCase(CucumberExecutionContext.java:131)
	at io.cucumber.testng.TestNGCucumberRunner.runScenario(TestNGCucumberRunner.java:112)
	at io.cucumber.testng.AbstractTestNGCucumberTests.runScenario(AbstractTestNGCucumberTests.java:31)
... Removed 24 stack frames</pre></div><a href='#' onClick='toggleBox("stack-trace1157624710", this, "Click to show all stack frames", "Click to hide stack frames")'>Click to show all stack frames</a>
<div class='stack-trace' id='stack-trace1157624710'><pre>io.cucumber.core.runner.DuplicateStepDefinitionException: Duplicate step definitions in app.tickets.usageConsumption.InternetStepDef.user_logged_in_using_jwt_using_and(java.lang.String,java.lang.String) and app.tickets.usagemanagment.MinandSmsStepDef.user_logged_in_using_jwt_using_and(java.lang.String,java.lang.String)
	at io.cucumber.core.runner.CachingGlue.lambda$prepareGlue$3(CachingGlue.java:241)
	at java.util.ArrayList.forEach(Unknown Source)
	at io.cucumber.core.runner.CachingGlue.prepareGlue(CachingGlue.java:235)
	at io.cucumber.core.runner.Runner.runPickle(Runner.java:68)
	at io.cucumber.testng.TestNGCucumberRunner.lambda$runScenario$0(TestNGCucumberRunner.java:115)
	at io.cucumber.core.runtime.CucumberExecutionContext.runTestCase(CucumberExecutionContext.java:131)
	at io.cucumber.testng.TestNGCucumberRunner.runScenario(TestNGCucumberRunner.java:112)
	at io.cucumber.testng.AbstractTestNGCucumberTests.runScenario(AbstractTestNGCucumberTests.java:31)
	at sun.reflect.GeneratedMethodAccessor98.invoke(Unknown Source)
	at sun.reflect.DelegatingMethodAccessorImpl.invoke(Unknown Source)
	at java.lang.reflect.Method.invoke(Unknown Source)
	at org.testng.internal.MethodInvocationHelper.invokeMethod(MethodInvocationHelper.java:124)
	at org.testng.internal.Invoker.invokeMethod(Invoker.java:583)
	at org.testng.internal.Invoker.invokeTestMethod(Invoker.java:719)
	at org.testng.internal.Invoker.invokeTestMethods(Invoker.java:989)
	at org.testng.internal.TestMethodWorker.invokeTestMethods(TestMethodWorker.java:125)
	at org.testng.internal.TestMethodWorker.run(TestMethodWorker.java:109)
	at org.testng.TestRunner.privateRun(TestRunner.java:648)
	at org.testng.TestRunner.run(TestRunner.java:505)
	at org.testng.SuiteRunner.runTest(SuiteRunner.java:455)
	at org.testng.SuiteRunner.runSequentially(SuiteRunner.java:450)
	at org.testng.SuiteRunner.privateRun(SuiteRunner.java:415)
	at org.testng.SuiteRunner.run(SuiteRunner.java:364)
	at org.testng.SuiteRunnerWorker.runSuite(SuiteRunnerWorker.java:52)
	at org.testng.SuiteRunnerWorker.run(SuiteRunnerWorker.java:84)
	at org.testng.TestNG.runSuitesSequentially(TestNG.java:1208)
	at org.testng.TestNG.runSuitesLocally(TestNG.java:1137)
	at org.testng.TestNG.runSuites(TestNG.java:1049)
	at org.testng.TestNG.run(TestNG.java:1017)
	at org.testng.remote.AbstractRemoteTestNG.run(AbstractRemoteTestNG.java:115)
	at org.testng.remote.RemoteTestNG.initAndRun(RemoteTestNG.java:251)
	at org.testng.remote.RemoteTestNG.main(RemoteTestNG.java:77)
</pre></div></td>
<td>0</td>
<td>app.tickets.inaddons.InAddonRunner@5f3a4b84</td></tr>
<tr>
<td title='app.tickets.inaddons.InAddonRunner.runScenario()'><b>runScenario</b><br>Test class: app.tickets.inaddons.InAddonRunner<br>Test method: Runs Cucumber Scenarios<br>Parameters: "Validate In Addons returned successfully", "Optional[In Addons]"</td>
<td><div><pre>io.cucumber.core.runner.DuplicateStepDefinitionException: Duplicate step definitions in app.tickets.usageConsumption.InternetStepDef.user_logged_in_using_jwt_using_and(java.lang.String,java.lang.String) and app.tickets.usagemanagment.MinandSmsStepDef.user_logged_in_using_jwt_using_and(java.lang.String,java.lang.String)
	at io.cucumber.core.runner.CachingGlue.lambda$prepareGlue$3(CachingGlue.java:241)
	at java.util.ArrayList.forEach(Unknown Source)
	at io.cucumber.core.runner.CachingGlue.prepareGlue(CachingGlue.java:235)
	at io.cucumber.core.runner.Runner.runPickle(Runner.java:68)
	at io.cucumber.testng.TestNGCucumberRunner.lambda$runScenario$0(TestNGCucumberRunner.java:115)
	at io.cucumber.core.runtime.CucumberExecutionContext.runTestCase(CucumberExecutionContext.java:131)
	at io.cucumber.testng.TestNGCucumberRunner.runScenario(TestNGCucumberRunner.java:112)
	at io.cucumber.testng.AbstractTestNGCucumberTests.runScenario(AbstractTestNGCucumberTests.java:31)
... Removed 24 stack frames</pre></div><a href='#' onClick='toggleBox("stack-trace1929506494", this, "Click to show all stack frames", "Click to hide stack frames")'>Click to show all stack frames</a>
<div class='stack-trace' id='stack-trace1929506494'><pre>io.cucumber.core.runner.DuplicateStepDefinitionException: Duplicate step definitions in app.tickets.usageConsumption.InternetStepDef.user_logged_in_using_jwt_using_and(java.lang.String,java.lang.String) and app.tickets.usagemanagment.MinandSmsStepDef.user_logged_in_using_jwt_using_and(java.lang.String,java.lang.String)
	at io.cucumber.core.runner.CachingGlue.lambda$prepareGlue$3(CachingGlue.java:241)
	at java.util.ArrayList.forEach(Unknown Source)
	at io.cucumber.core.runner.CachingGlue.prepareGlue(CachingGlue.java:235)
	at io.cucumber.core.runner.Runner.runPickle(Runner.java:68)
	at io.cucumber.testng.TestNGCucumberRunner.lambda$runScenario$0(TestNGCucumberRunner.java:115)
	at io.cucumber.core.runtime.CucumberExecutionContext.runTestCase(CucumberExecutionContext.java:131)
	at io.cucumber.testng.TestNGCucumberRunner.runScenario(TestNGCucumberRunner.java:112)
	at io.cucumber.testng.AbstractTestNGCucumberTests.runScenario(AbstractTestNGCucumberTests.java:31)
	at sun.reflect.GeneratedMethodAccessor98.invoke(Unknown Source)
	at sun.reflect.DelegatingMethodAccessorImpl.invoke(Unknown Source)
	at java.lang.reflect.Method.invoke(Unknown Source)
	at org.testng.internal.MethodInvocationHelper.invokeMethod(MethodInvocationHelper.java:124)
	at org.testng.internal.Invoker.invokeMethod(Invoker.java:583)
	at org.testng.internal.Invoker.invokeTestMethod(Invoker.java:719)
	at org.testng.internal.Invoker.invokeTestMethods(Invoker.java:989)
	at org.testng.internal.TestMethodWorker.invokeTestMethods(TestMethodWorker.java:125)
	at org.testng.internal.TestMethodWorker.run(TestMethodWorker.java:109)
	at org.testng.TestRunner.privateRun(TestRunner.java:648)
	at org.testng.TestRunner.run(TestRunner.java:505)
	at org.testng.SuiteRunner.runTest(SuiteRunner.java:455)
	at org.testng.SuiteRunner.runSequentially(SuiteRunner.java:450)
	at org.testng.SuiteRunner.privateRun(SuiteRunner.java:415)
	at org.testng.SuiteRunner.run(SuiteRunner.java:364)
	at org.testng.SuiteRunnerWorker.runSuite(SuiteRunnerWorker.java:52)
	at org.testng.SuiteRunnerWorker.run(SuiteRunnerWorker.java:84)
	at org.testng.TestNG.runSuitesSequentially(TestNG.java:1208)
	at org.testng.TestNG.runSuitesLocally(TestNG.java:1137)
	at org.testng.TestNG.runSuites(TestNG.java:1049)
	at org.testng.TestNG.run(TestNG.java:1017)
	at org.testng.remote.AbstractRemoteTestNG.run(AbstractRemoteTestNG.java:115)
	at org.testng.remote.RemoteTestNG.initAndRun(RemoteTestNG.java:251)
	at org.testng.remote.RemoteTestNG.main(RemoteTestNG.java:77)
</pre></div></td>
<td>0</td>
<td>app.tickets.inaddons.InAddonRunner@5f3a4b84</td></tr>
<tr>
<td title='app.tickets.vov.VOVRunner.runScenario()'><b>runScenario</b><br>Test class: app.tickets.vov.VOVRunner<br>Test method: Runs Cucumber Scenarios<br>Parameters: "Verify that recharge card appears in prepaid number that has balance < 10LE", "Optional[VOV cards]"</td>
<td><div><pre>io.cucumber.core.runner.DuplicateStepDefinitionException: Duplicate step definitions in app.tickets.usageConsumption.InternetStepDef.user_logged_in_using_jwt_using_and(java.lang.String,java.lang.String) and app.tickets.usagemanagment.MinandSmsStepDef.user_logged_in_using_jwt_using_and(java.lang.String,java.lang.String)
	at io.cucumber.core.runner.CachingGlue.lambda$prepareGlue$3(CachingGlue.java:241)
	at java.util.ArrayList.forEach(Unknown Source)
	at io.cucumber.core.runner.CachingGlue.prepareGlue(CachingGlue.java:235)
	at io.cucumber.core.runner.Runner.runPickle(Runner.java:68)
	at io.cucumber.testng.TestNGCucumberRunner.lambda$runScenario$0(TestNGCucumberRunner.java:115)
	at io.cucumber.core.runtime.CucumberExecutionContext.runTestCase(CucumberExecutionContext.java:131)
	at io.cucumber.testng.TestNGCucumberRunner.runScenario(TestNGCucumberRunner.java:112)
	at io.cucumber.testng.AbstractTestNGCucumberTests.runScenario(AbstractTestNGCucumberTests.java:31)
... Removed 24 stack frames</pre></div><a href='#' onClick='toggleBox("stack-trace490766432", this, "Click to show all stack frames", "Click to hide stack frames")'>Click to show all stack frames</a>
<div class='stack-trace' id='stack-trace490766432'><pre>io.cucumber.core.runner.DuplicateStepDefinitionException: Duplicate step definitions in app.tickets.usageConsumption.InternetStepDef.user_logged_in_using_jwt_using_and(java.lang.String,java.lang.String) and app.tickets.usagemanagment.MinandSmsStepDef.user_logged_in_using_jwt_using_and(java.lang.String,java.lang.String)
	at io.cucumber.core.runner.CachingGlue.lambda$prepareGlue$3(CachingGlue.java:241)
	at java.util.ArrayList.forEach(Unknown Source)
	at io.cucumber.core.runner.CachingGlue.prepareGlue(CachingGlue.java:235)
	at io.cucumber.core.runner.Runner.runPickle(Runner.java:68)
	at io.cucumber.testng.TestNGCucumberRunner.lambda$runScenario$0(TestNGCucumberRunner.java:115)
	at io.cucumber.core.runtime.CucumberExecutionContext.runTestCase(CucumberExecutionContext.java:131)
	at io.cucumber.testng.TestNGCucumberRunner.runScenario(TestNGCucumberRunner.java:112)
	at io.cucumber.testng.AbstractTestNGCucumberTests.runScenario(AbstractTestNGCucumberTests.java:31)
	at sun.reflect.GeneratedMethodAccessor98.invoke(Unknown Source)
	at sun.reflect.DelegatingMethodAccessorImpl.invoke(Unknown Source)
	at java.lang.reflect.Method.invoke(Unknown Source)
	at org.testng.internal.MethodInvocationHelper.invokeMethod(MethodInvocationHelper.java:124)
	at org.testng.internal.Invoker.invokeMethod(Invoker.java:583)
	at org.testng.internal.Invoker.invokeTestMethod(Invoker.java:719)
	at org.testng.internal.Invoker.invokeTestMethods(Invoker.java:989)
	at org.testng.internal.TestMethodWorker.invokeTestMethods(TestMethodWorker.java:125)
	at org.testng.internal.TestMethodWorker.run(TestMethodWorker.java:109)
	at org.testng.TestRunner.privateRun(TestRunner.java:648)
	at org.testng.TestRunner.run(TestRunner.java:505)
	at org.testng.SuiteRunner.runTest(SuiteRunner.java:455)
	at org.testng.SuiteRunner.runSequentially(SuiteRunner.java:450)
	at org.testng.SuiteRunner.privateRun(SuiteRunner.java:415)
	at org.testng.SuiteRunner.run(SuiteRunner.java:364)
	at org.testng.SuiteRunnerWorker.runSuite(SuiteRunnerWorker.java:52)
	at org.testng.SuiteRunnerWorker.run(SuiteRunnerWorker.java:84)
	at org.testng.TestNG.runSuitesSequentially(TestNG.java:1208)
	at org.testng.TestNG.runSuitesLocally(TestNG.java:1137)
	at org.testng.TestNG.runSuites(TestNG.java:1049)
	at org.testng.TestNG.run(TestNG.java:1017)
	at org.testng.remote.AbstractRemoteTestNG.run(AbstractRemoteTestNG.java:115)
	at org.testng.remote.RemoteTestNG.initAndRun(RemoteTestNG.java:251)
	at org.testng.remote.RemoteTestNG.main(RemoteTestNG.java:77)
</pre></div></td>
<td>0</td>
<td>app.tickets.vov.VOVRunner@27f723</td></tr>
</table><p>
<table width='100%' border='1' class='invocation-passed'>
<tr><td colspan='4' align='center'><b>PASSED TESTS</b></td></tr>
<tr><td><b>Test method</b></td>
<td width="30%"><b>Exception</b></td>
<td width="10%"><b>Time (seconds)</b></td>
<td><b>Instance</b></td>
</tr>
<tr>
<td title='app.tickets.login.LoginRunner.runScenario()'><b>runScenario</b><br>Test class: app.tickets.login.LoginRunner<br>Test method: Runs Cucumber Scenarios<br>Parameters: "user login with registered msisdn and valid/invalid password", "Optional[Login]"</td>
<td></td>
<td>36</td>
<td>app.tickets.login.LoginRunner@45820e51</td></tr>
<tr>
<td title='app.tickets.login.LoginRunner.runScenario()'><b>runScenario</b><br>Test class: app.tickets.login.LoginRunner<br>Test method: Runs Cucumber Scenarios<br>Parameters: "user login with registered msisdn and valid/invalid password", "Optional[Login]"</td>
<td></td>
<td>26</td>
<td>app.tickets.login.LoginRunner@45820e51</td></tr>
<tr>
<td title='app.tickets.loyalty.LoyaltyRunner.runScenario()'><b>runScenario</b><br>Test class: app.tickets.loyalty.LoyaltyRunner<br>Test method: Runs Cucumber Scenarios<br>Parameters: "check DXL_FLAG and  update the UI accordingly.", "Optional[Red Loyalty points module]"</td>
<td></td>
<td>34</td>
<td>app.tickets.loyalty.LoyaltyRunner@42d8062c</td></tr>
<tr>
<td title='app.tickets.loyalty.LoyaltyRunner.runScenario()'><b>runScenario</b><br>Test class: app.tickets.loyalty.LoyaltyRunner<br>Test method: Runs Cucumber Scenarios<br>Parameters: "check DXL_FLAG and  update the UI accordingly.", "Optional[Red Loyalty points module]"</td>
<td></td>
<td>36</td>
<td>app.tickets.loyalty.LoyaltyRunner@42d8062c</td></tr>
<tr>
<td title='app.tickets.loyalty.LoyaltyRunner.runScenario()'><b>runScenario</b><br>Test class: app.tickets.loyalty.LoyaltyRunner<br>Test method: Runs Cucumber Scenarios<br>Parameters: "check red loyalty eligibility", "Optional[Red Loyalty points module]"</td>
<td></td>
<td>37</td>
<td>app.tickets.loyalty.LoyaltyRunner@42d8062c</td></tr>
<tr>
<td title='app.tickets.loyalty.LoyaltyRunner.runScenario()'><b>runScenario</b><br>Test class: app.tickets.loyalty.LoyaltyRunner<br>Test method: Runs Cucumber Scenarios<br>Parameters: "check red loyalty eligibility", "Optional[Red Loyalty points module]"</td>
<td></td>
<td>33</td>
<td>app.tickets.loyalty.LoyaltyRunner@42d8062c</td></tr>
<tr>
<td title='app.tickets.loyalty.LoyaltyRunner.runScenario()'><b>runScenario</b><br>Test class: app.tickets.loyalty.LoyaltyRunner<br>Test method: Runs Cucumber Scenarios<br>Parameters: "check red loyalty eligibility", "Optional[Red Loyalty points module]"</td>
<td></td>
<td>32</td>
<td>app.tickets.loyalty.LoyaltyRunner@42d8062c</td></tr>
<tr>
<td title='app.tickets.usageConsumption.BalanceRunner.runScenario()'><b>runScenario</b><br>Test class: app.tickets.usageConsumption.BalanceRunner<br>Test method: Runs Cucumber Scenarios<br>Parameters: "Check balance returned successfully", "Optional[Balance card]"</td>
<td></td>
<td>29</td>
<td>app.tickets.usageConsumption.BalanceRunner@6043cd28</td></tr>
<tr>
<td title='app.tickets.usageConsumption.BalanceRunner.runScenario()'><b>runScenario</b><br>Test class: app.tickets.usageConsumption.BalanceRunner<br>Test method: Runs Cucumber Scenarios<br>Parameters: "Check balance returned successfully", "Optional[Balance card]"</td>
<td></td>
<td>29</td>
<td>app.tickets.usageConsumption.BalanceRunner@6043cd28</td></tr>
<tr>
<td title='app.tickets.team010.Team010Runner.runScenario()'><b>runScenario</b><br>Test class: app.tickets.team010.Team010Runner<br>Test method: Runs Cucumber Scenarios<br>Parameters: "Check 010 team returned successfully", "Optional[team 010 card]"</td>
<td></td>
<td>33</td>
<td>app.tickets.team010.Team010Runner@cb51256</td></tr>
<tr>
<td title='app.tickets.billCard.BillCardRunner.runScenario()'><b>runScenario</b><br>Test class: app.tickets.billCard.BillCardRunner<br>Test method: Runs Cucumber Scenarios<br>Parameters: "Check bill card returned successfully", "Optional[bill card]"</td>
<td></td>
<td>34</td>
<td>app.tickets.billCard.BillCardRunner@59906517</td></tr>
<tr>
<td title='app.tickets.billCard.BillCardRunner.runScenario()'><b>runScenario</b><br>Test class: app.tickets.billCard.BillCardRunner<br>Test method: Runs Cucumber Scenarios<br>Parameters: "Check bill card returned successfully", "Optional[bill card]"</td>
<td></td>
<td>33</td>
<td>app.tickets.billCard.BillCardRunner@59906517</td></tr>
<tr>
<td title='app.tickets.usageConsumption.InternetRunner.runScenario()'><b>runScenario</b><br>Test class: app.tickets.usageConsumption.InternetRunner<br>Test method: Runs Cucumber Scenarios<br>Parameters: "Check red internet returned  incase Dxlflag is true and consumption API up & working", "Optional[Usage consumption-Internet card]"</td>
<td></td>
<td>30</td>
<td>app.tickets.usageConsumption.InternetRunner@5bfbf16f</td></tr>
<tr>
<td title='app.tickets.usageConsumption.InternetRunner.runScenario()'><b>runScenario</b><br>Test class: app.tickets.usageConsumption.InternetRunner<br>Test method: Runs Cucumber Scenarios<br>Parameters: "Check red internet returned  incase Dxlflag is true and consumption API up & working", "Optional[Usage consumption-Internet card]"</td>
<td></td>
<td>34</td>
<td>app.tickets.usageConsumption.InternetRunner@5bfbf16f</td></tr>
<tr>
<td title='app.tickets.usageConsumption.InternetRunner.runScenario()'><b>runScenario</b><br>Test class: app.tickets.usageConsumption.InternetRunner<br>Test method: Runs Cucumber Scenarios<br>Parameters: "Check red internet returned  incase Dxlflag is true and consumption API up & working", "Optional[Usage consumption-Internet card]"</td>
<td></td>
<td>34</td>
<td>app.tickets.usageConsumption.InternetRunner@5bfbf16f</td></tr>
<tr>
<td title='app.tickets.usageConsumption.RedQoutaRunner.runScenario()'><b>runScenario</b><br>Test class: app.tickets.usageConsumption.RedQoutaRunner<br>Test method: Runs Cucumber Scenarios<br>Parameters: "Check red min & red sms returned  incase Dxlflag is true and consumption API up & working", "Optional[Usage consumption-Red min & sms]"</td>
<td></td>
<td>48</td>
<td>app.tickets.usageConsumption.RedQoutaRunner@25af5db5</td></tr>
<tr>
<td title='app.tickets.usageConsumption.RedQoutaRunner.runScenario()'><b>runScenario</b><br>Test class: app.tickets.usageConsumption.RedQoutaRunner<br>Test method: Runs Cucumber Scenarios<br>Parameters: "Check red internet returned  incase Dxlflag is true and consumption API up & working", "Optional[Usage consumption-Red min & sms]"</td>
<td></td>
<td>35</td>
<td>app.tickets.usageConsumption.RedQoutaRunner@25af5db5</td></tr>
<tr>
<td title='app.tickets.usagemanagment.MinandSmsRunner.runScenario()'><b>runScenario</b><br>Test class: app.tickets.usagemanagment.MinandSmsRunner<br>Test method: Runs Cucumber Scenarios<br>Parameters: "Check  data under Min card returned successfully from Managment Api", "Optional[Usagemanagment]"</td>
<td></td>
<td>57</td>
<td>app.tickets.usagemanagment.MinandSmsRunner@12cdcf4</td></tr>
<tr>
<td title='app.tickets.usagemanagment.MinandSmsRunner.runScenario()'><b>runScenario</b><br>Test class: app.tickets.usagemanagment.MinandSmsRunner<br>Test method: Runs Cucumber Scenarios<br>Parameters: "Check  data under Min card returned successfully from Managment Api", "Optional[Usagemanagment]"</td>
<td></td>
<td>36</td>
<td>app.tickets.usagemanagment.MinandSmsRunner@12cdcf4</td></tr>
<tr>
<td title='app.tickets.usagemanagment.MinandSmsRunner.runScenario()'><b>runScenario</b><br>Test class: app.tickets.usagemanagment.MinandSmsRunner<br>Test method: Runs Cucumber Scenarios<br>Parameters: "Check  data under SMS card returned successfully from Managment Api", "Optional[Usagemanagment]"</td>
<td></td>
<td>45</td>
<td>app.tickets.usagemanagment.MinandSmsRunner@12cdcf4</td></tr>
</table><p>
</body>
</html>