<html>
<head>
<title>TestNG:  Keycloak</title>
<link href="../testng.css" rel="stylesheet" type="text/css" />
<link href="../my-testng.css" rel="stylesheet" type="text/css" />

<style type="text/css">
.log { display: none;} 
.stack-trace { display: none;} 
</style>
<script type="text/javascript">
<!--
function flip(e) {
  current = e.style.display;
  if (current == 'block') {
    e.style.display = 'none';
    return 0;
  }
  else {
    e.style.display = 'block';
    return 1;
  }
}

function toggleBox(szDivId, elem, msg1, msg2)
{
  var res = -1;  if (document.getElementById) {
    res = flip(document.getElementById(szDivId));
  }
  else if (document.all) {
    // this is the way old msie versions work
    res = flip(document.all[szDivId]);
  }
  if(elem) {
    if(res == 0) elem.innerHTML = msg1; else elem.innerHTML = msg2;
  }

}

function toggleAllBoxes() {
  if (document.getElementsByTagName) {
    d = document.getElementsByTagName('div');
    for (i = 0; i < d.length; i++) {
      if (d[i].className == 'log') {
        flip(d[i]);
      }
    }
  }
}

// -->
</script>

</head>
<body>
<h2 align='center'>Keycloak</h2><table border='1' align="center">
<tr>
<td>Tests passed/Failed/Skipped:</td><td>0/0/8</td>
</tr><tr>
<td>Started on:</td><td>Sun Oct 04 13:01:13 EET 2020</td>
</tr>
<tr><td>Total time:</td><td>0 seconds (756 ms)</td>
</tr><tr>
<td>Included groups:</td><td></td>
</tr><tr>
<td>Excluded groups:</td><td></td>
</tr>
</table><p/>
<small><i>(Hover the method name to see the test class name)</i></small><p/>
<table width='100%' border='1' class='invocation-failed'>
<tr><td colspan='4' align='center'><b>FAILED CONFIGURATIONS</b></td></tr>
<tr><td><b>Test method</b></td>
<td width="30%"><b>Exception</b></td>
<td width="10%"><b>Time (seconds)</b></td>
<td><b>Instance</b></td>
</tr>
<tr>
<td title='app.pages.PageObject.appInit()'><b>appInit</b><br>Test class: app.pages.PageObject</td>
<td><div><pre>org.testng.TestNGException: 
Parameter &apos;Language&apos; is required by @Configuration on method appInit but has not been marked @Optional or defined
in D:\projects\BDDFramework\bakry.xml
... Removed 20 stack frames</pre></div><a href='#' onClick='toggleBox("stack-trace84739718", this, "Click to show all stack frames", "Click to hide stack frames")'>Click to show all stack frames</a>
<div class='stack-trace' id='stack-trace84739718'><pre>org.testng.TestNGException: 
Parameter &apos;Language&apos; is required by @Configuration on method appInit but has not been marked @Optional or defined
in D:\projects\BDDFramework\bakry.xml
	at org.testng.internal.Parameters.createParameters(Parameters.java:154)
	at org.testng.internal.Parameters.createParameters(Parameters.java:361)
	at org.testng.internal.Parameters.createConfigurationParameters(Parameters.java:84)
	at org.testng.internal.Invoker.invokeConfigurations(Invoker.java:202)
	at org.testng.internal.Invoker.invokeConfigurations(Invoker.java:143)
	at org.testng.TestRunner.beforeRun(TestRunner.java:656)
	at org.testng.TestRunner.run(TestRunner.java:624)
	at org.testng.SuiteRunner.runTest(SuiteRunner.java:366)
	at org.testng.SuiteRunner.runSequentially(SuiteRunner.java:361)
	at org.testng.SuiteRunner.privateRun(SuiteRunner.java:319)
	at org.testng.SuiteRunner.run(SuiteRunner.java:268)
	at org.testng.SuiteRunnerWorker.runSuite(SuiteRunnerWorker.java:52)
	at org.testng.SuiteRunnerWorker.run(SuiteRunnerWorker.java:86)
	at org.testng.TestNG.runSuitesSequentially(TestNG.java:1225)
	at org.testng.TestNG.runSuitesLocally(TestNG.java:1150)
	at org.testng.TestNG.runSuites(TestNG.java:1075)
	at org.testng.TestNG.run(TestNG.java:1047)
	at org.testng.remote.AbstractRemoteTestNG.run(AbstractRemoteTestNG.java:126)
	at org.testng.remote.RemoteTestNG.initAndRun(RemoteTestNG.java:137)
	at org.testng.remote.RemoteTestNG.main(RemoteTestNG.java:58)
</pre></div></td>
<td>0</td>
<td>null</td></tr>
</table><p>
<table width='100%' border='1' class='invocation-skipped'>
<tr><td colspan='4' align='center'><b>SKIPPED CONFIGURATIONS</b></td></tr>
<tr><td><b>Test method</b></td>
<td width="30%"><b>Exception</b></td>
<td width="10%"><b>Time (seconds)</b></td>
<td><b>Instance</b></td>
</tr>
<tr>
<td title='app.pages.PageObject.PageFactoryObject()'><b>PageFactoryObject</b><br>Test class: app.pages.PageObject</td>
<td></td>
<td>0</td>
<td>null</td></tr>
<tr>
<td title='app.pages.PageObject.startReport()'><b>startReport</b><br>Test class: app.pages.PageObject</td>
<td></td>
<td>0</td>
<td>null</td></tr>
<tr>
<td title='utilities.ExtentReport.endReport()'><b>endReport</b><br>Test class: utilities.ExtentReport</td>
<td></td>
<td>0</td>
<td>null</td></tr>
<tr>
<td title='utilities.ExtentReport.clearDriver()'><b>clearDriver</b><br>Test class: utilities.ExtentReport</td>
<td></td>
<td>0</td>
<td>null</td></tr>
</table><p>
<table width='100%' border='1' class='invocation-skipped'>
<tr><td colspan='4' align='center'><b>SKIPPED TESTS</b></td></tr>
<tr><td><b>Test method</b></td>
<td width="30%"><b>Exception</b></td>
<td width="10%"><b>Time (seconds)</b></td>
<td><b>Instance</b></td>
</tr>
<tr>
<td title='app.tickets.login.LoginRunner.runScenario()'><b>runScenario</b><br>Test class: app.tickets.login.LoginRunner<br>Test method: Runs Cucumber Scenarios<br>Parameters: "user login with registered msisdn and valid/invalid password", "Optional[Login]"</td>
<td></td>
<td>0</td>
<td>app.tickets.login.LoginRunner@3cb1ffe6</td></tr>
<tr>
<td title='app.tickets.login.LoginRunner.runScenario()'><b>runScenario</b><br>Test class: app.tickets.login.LoginRunner<br>Test method: Runs Cucumber Scenarios<br>Parameters: "user login with registered msisdn and valid/invalid password", "Optional[Login]"</td>
<td></td>
<td>0</td>
<td>app.tickets.login.LoginRunner@3cb1ffe6</td></tr>
<tr>
<td title='app.tickets.loyalty.LoyaltyRunner.runScenario()'><b>runScenario</b><br>Test class: app.tickets.loyalty.LoyaltyRunner<br>Test method: Runs Cucumber Scenarios<br>Parameters: "check DXL_FLAG and  update the UI accordingly.", "Optional[Red Loyalty points module]"</td>
<td></td>
<td>0</td>
<td>app.tickets.loyalty.LoyaltyRunner@3dfc5fb8</td></tr>
<tr>
<td title='app.tickets.loyalty.LoyaltyRunner.runScenario()'><b>runScenario</b><br>Test class: app.tickets.loyalty.LoyaltyRunner<br>Test method: Runs Cucumber Scenarios<br>Parameters: "check DXL_FLAG and  update the UI accordingly.", "Optional[Red Loyalty points module]"</td>
<td></td>
<td>0</td>
<td>app.tickets.loyalty.LoyaltyRunner@3dfc5fb8</td></tr>
<tr>
<td title='app.tickets.loyalty.LoyaltyRunner.runScenario()'><b>runScenario</b><br>Test class: app.tickets.loyalty.LoyaltyRunner<br>Test method: Runs Cucumber Scenarios<br>Parameters: "check red loyalty eligibility", "Optional[Red Loyalty points module]"</td>
<td></td>
<td>0</td>
<td>app.tickets.loyalty.LoyaltyRunner@3dfc5fb8</td></tr>
<tr>
<td title='app.tickets.loyalty.LoyaltyRunner.runScenario()'><b>runScenario</b><br>Test class: app.tickets.loyalty.LoyaltyRunner<br>Test method: Runs Cucumber Scenarios<br>Parameters: "check red loyalty eligibility", "Optional[Red Loyalty points module]"</td>
<td></td>
<td>0</td>
<td>app.tickets.loyalty.LoyaltyRunner@3dfc5fb8</td></tr>
<tr>
<td title='app.tickets.loyalty.LoyaltyRunner.runScenario()'><b>runScenario</b><br>Test class: app.tickets.loyalty.LoyaltyRunner<br>Test method: Runs Cucumber Scenarios<br>Parameters: "check red loyalty eligibility", "Optional[Red Loyalty points module]"</td>
<td></td>
<td>0</td>
<td>app.tickets.loyalty.LoyaltyRunner@3dfc5fb8</td></tr>
<tr>
<td title='app.tickets.update.UpdateRunner.runScenario()'><b>runScenario</b><br>Test class: app.tickets.update.UpdateRunner<br>Test method: Runs Cucumber Scenarios<br>Parameters: "Validate that update dialog appears when build number is less than last build number", "Optional[Update]"</td>
<td></td>
<td>0</td>
<td>app.tickets.update.UpdateRunner@467aecef</td></tr>
</table><p>
</body>
</html>