<?xml version="1.0" encoding="UTF-8"?>
<!-- Generated by org.testng.reporters.JUnitReportReporter -->
<testsuite hostname="ITKSHC8R" name="app.tickets.redQouta.RedQoutaRunner" tests="4" failures="0" timestamp="22 Oct 2020 12:00:01 GMT" time="83.102" errors="2">
  <testcase name="runScenario" time="0.002" classname="app.tickets.redQouta.RedQoutaRunner">
    <error type="org.openqa.selenium.SessionNotCreatedException" message="Unable to create a new remote session. Please check the server log for more details. Original error: &#039;wdaLocalPort&#039; must be of type number; &#039;webkitDebugProxyPort&#039; must be of type number
Build info: version: &#039;3.141.59&#039;, revision: &#039;e82be7d358&#039;, time: &#039;2018-11-14T08:17:03&#039;
System info: host: &#039;ITKSHC8R&#039;, ip: &#039;10.104.244.192&#039;, os.name: &#039;Windows 10&#039;, os.arch: &#039;amd64&#039;, os.version: &#039;10.0&#039;, java.version: &#039;1.8.0_161&#039;
Driver info: driver.version: IOSDriver
remote stacktrace: InvalidArgumentError: &#039;wdaLocalPort&#039; must be of type number; &#039;webkitDebugProxyPort&#039; must be of type number
    at validateCaps (C:\Users\V19OFadel\AppData\Local\appium-desktop\app-1.6.2\resources\app\node_modules\appium\node_modules\appium-base-driver\lib\basedriver\capabilities.js:52:11)
    at parseCaps (C:\Users\V19OFadel\AppData\Local\appium-desktop\app-1.6.2\resources\app\node_modules\appium\node_modules\appium-base-driver\lib\basedriver\capabilities.js:154:20)
    at processCapabilities (C:\Users\V19OFadel\AppData\Local\appium-desktop\app-1.6.2\resources\app\node_modules\appium\node_modules\appium-base-driver\lib\basedriver\capabilities.js:197:43)
    at XCUITestDriver.callee$0$0$ (C:\Users\V19OFadel\AppData\Local\appium-desktop\app-1.6.2\resources\app\node_modules\appium\node_modules\appium-base-driver\lib\basedriver\commands\session.js:36:14)
    at tryCatch (C:\Users\V19OFadel\AppData\Local\appium-desktop\app-1.6.2\resources\app\node_modules\appium\node_modules\babel-runtime\regenerator\runtime.js:67:40)
    at GeneratorFunctionPrototype.invoke [as _invoke] (C:\Users\V19OFadel\AppData\Local\appium-desktop\app-1.6.2\resources\app\node_modules\appium\node_modules\babel-runtime\regenerator\runtime.js:315:22)
    at GeneratorFunctionPrototype.prototype.(anonymous function) [as next] (C:\Users\V19OFadel\AppData\Local\appium-desktop\app-1.6.2\resources\app\node_modules\appium\node_modules\babel-runtime\regenerator\runtime.js:100:21)
    at invoke (C:\Users\V19OFadel\AppData\Local\appium-desktop\app-1.6.2\resources\app\node_modules\appium\node_modules\babel-runtime\regenerator\runtime.js:136:37)
    at enqueueResult (C:\Users\V19OFadel\AppData\Local\appium-desktop\app-1.6.2\resources\app\node_modules\appium\node_modules\babel-runtime\regenerator\runtime.js:185:17)
    at new Promise (&lt;anonymous&gt;)
    at new F (C:\Users\V19OFadel\AppData\Local\appium-desktop\app-1.6.2\resources\app\node_modules\appium\node_modules\core-js\library\modules\$.export.js:30:36)
    at AsyncIterator.enqueue (C:\Users\V19OFadel\AppData\Local\appium-desktop\app-1.6.2\resources\app\node_modules\appium\node_modules\babel-runtime\regenerator\runtime.js:184:12)
    at AsyncIterator.prototype.(anonymous function) [as next] (C:\Users\V19OFadel\AppData\Local\appium-desktop\app-1.6.2\resources\app\node_modules\appium\node_modules\babel-runtime\regenerator\runtime.js:100:21)
    at Object.runtime.async (C:\Users\V19OFadel\AppData\Local\appium-desktop\app-1.6.2\resources\app\node_modules\appium\node_modules\babel-runtime\regenerator\runtime.js:209:12)
    at XCUITestDriver.callee$0$0 [as createSession] (C:\Users\V19OFadel\AppData\Local\appium-desktop\app-1.6.2\resources\app\node_modules\appium\node_modules\appium-base-driver\build\lib\basedriver\commands\session.js:35:30)
    at XCUITestDriver.createSession$ (C:\Users\V19OFadel\AppData\Local\appium-desktop\app-1.6.2\resources\app\node_modules\appium\node_modules\appium-xcuitest-driver\lib\driver.js:101:21)
    at tryCatch (C:\Users\V19OFadel\AppData\Local\appium-desktop\app-1.6.2\resources\app\node_modules\appium\node_modules\babel-runtime\regenerator\runtime.js:67:40)
    at GeneratorFunctionPrototype.invoke [as _invoke] (C:\Users\V19OFadel\AppData\Local\appium-desktop\app-1.6.2\resources\app\node_modules\appium\node_modules\babel-runtime\regenerator\runtime.js:315:22)
    at GeneratorFunctionPrototype.prototype.(anonymous function) [as next] (C:\Users\V19OFadel\AppData\Local\appium-desktop\app-1.6.2\resources\app\node_modules\appium\node_modules\babel-runtime\regenerator\runtime.js:100:21)
    at invoke (C:\Users\V19OFadel\AppData\Local\appium-desktop\app-1.6.2\resources\app\node_modules\appium\node_modules\babel-runtime\regenerator\runtime.js:136:37)
    at enqueueResult (C:\Users\V19OFadel\AppData\Local\appium-desktop\app-1.6.2\resources\app\node_modules\appium\node_modules\babel-runtime\regenerator\runtime.js:185:17)
    at new Promise (&lt;anonymous&gt;)
    at new F (C:\Users\V19OFadel\AppData\Local\appium-desktop\app-1.6.2\resources\app\node_modules\appium\node_modules\core-js\library\modules\$.export.js:30:36)
    at AsyncIterator.enqueue (C:\Users\V19OFadel\AppData\Local\appium-desktop\app-1.6.2\resources\app\node_modules\appium\node_modules\babel-runtime\regenerator\runtime.js:184:12)
    at AsyncIterator.prototype.(anonymous function) [as next] (C:\Users\V19OFadel\AppData\Local\appium-desktop\app-1.6.2\resources\app\node_modules\appium\node_modules\babel-runtime\regenerator\runtime.js:100:21)
    at Object.runtime.async (C:\Users\V19OFadel\AppData\Local\appium-desktop\app-1.6.2\resources\app\node_modules\appium\node_modules\babel-runtime\regenerator\runtime.js:209:12)
    at XCUITestDriver.createSession (C:\Users\V19OFadel\AppData\Local\appium-desktop\app-1.6.2\resources\app\node_modules\appium\node_modules\appium-xcuitest-driver\build\lib\driver.js:220:34)
    at AppiumDriver.callee$2$0$ (C:\Users\V19OFadel\AppData\Local\appium-desktop\app-1.6.2\resources\app\node_modules\appium\lib\appium.js:244:43)
    at tryCatch (C:\Users\V19OFadel\AppData\Local\appium-desktop\app-1.6.2\resources\app\node_modules\appium\node_modules\babel-runtime\regenerator\runtime.js:67:40)
    at GeneratorFunctionPrototype.invoke [as _invoke] (C:\Users\V19OFadel\AppData\Local\appium-desktop\app-1.6.2\resources\app\node_modules\appium\node_modules\babel-runtime\regenerator\runtime.js:315:22)
    at GeneratorFunctionPrototype.prototype.(anonymous function) [as next] (C:\Users\V19OFadel\AppData\Local\appium-desktop\app-1.6.2\resources\app\node_modules\appium\node_modules\babel-runtime\regenerator\runtime.js:100:21)
    at GeneratorFunctionPrototype.invoke (C:\Users\V19OFadel\AppData\Local\appium-desktop\app-1.6.2\resources\app\node_modules\appium\node_modules\babel-runtime\regenerator\runtime.js:136:37)
    at &lt;anonymous&gt;
    at process._tickCallback (internal/process/next_tick.js:188:7)
Build info: version: &#039;3.141.59&#039;, revision: &#039;e82be7d358&#039;, time: &#039;2018-11-14T08:17:03&#039;
System info: host: &#039;ITKSHC8R&#039;, ip: &#039;10.104.244.192&#039;, os.name: &#039;Windows 10&#039;, os.arch: &#039;amd64&#039;, os.version: &#039;10.0&#039;, java.version: &#039;1.8.0_161&#039;
Driver info: driver.version: IOSDriver">
      <![CDATA[org.openqa.selenium.SessionNotCreatedException: Unable to create a new remote session. Please check the server log for more details. Original error: 'wdaLocalPort' must be of type number; 'webkitDebugProxyPort' must be of type number
Build info: version: '3.141.59', revision: 'e82be7d358', time: '2018-11-14T08:17:03'
System info: host: 'ITKSHC8R', ip: '10.104.244.192', os.name: 'Windows 10', os.arch: 'amd64', os.version: '10.0', java.version: '1.8.0_161'
Driver info: driver.version: IOSDriver
remote stacktrace: InvalidArgumentError: 'wdaLocalPort' must be of type number; 'webkitDebugProxyPort' must be of type number
    at validateCaps (C:\Users\V19OFadel\AppData\Local\appium-desktop\app-1.6.2\resources\app\node_modules\appium\node_modules\appium-base-driver\lib\basedriver\capabilities.js:52:11)
    at parseCaps (C:\Users\V19OFadel\AppData\Local\appium-desktop\app-1.6.2\resources\app\node_modules\appium\node_modules\appium-base-driver\lib\basedriver\capabilities.js:154:20)
    at processCapabilities (C:\Users\V19OFadel\AppData\Local\appium-desktop\app-1.6.2\resources\app\node_modules\appium\node_modules\appium-base-driver\lib\basedriver\capabilities.js:197:43)
    at XCUITestDriver.callee$0$0$ (C:\Users\V19OFadel\AppData\Local\appium-desktop\app-1.6.2\resources\app\node_modules\appium\node_modules\appium-base-driver\lib\basedriver\commands\session.js:36:14)
    at tryCatch (C:\Users\V19OFadel\AppData\Local\appium-desktop\app-1.6.2\resources\app\node_modules\appium\node_modules\babel-runtime\regenerator\runtime.js:67:40)
    at GeneratorFunctionPrototype.invoke [as _invoke] (C:\Users\V19OFadel\AppData\Local\appium-desktop\app-1.6.2\resources\app\node_modules\appium\node_modules\babel-runtime\regenerator\runtime.js:315:22)
    at GeneratorFunctionPrototype.prototype.(anonymous function) [as next] (C:\Users\V19OFadel\AppData\Local\appium-desktop\app-1.6.2\resources\app\node_modules\appium\node_modules\babel-runtime\regenerator\runtime.js:100:21)
    at invoke (C:\Users\V19OFadel\AppData\Local\appium-desktop\app-1.6.2\resources\app\node_modules\appium\node_modules\babel-runtime\regenerator\runtime.js:136:37)
    at enqueueResult (C:\Users\V19OFadel\AppData\Local\appium-desktop\app-1.6.2\resources\app\node_modules\appium\node_modules\babel-runtime\regenerator\runtime.js:185:17)
    at new Promise (<anonymous>)
    at new F (C:\Users\V19OFadel\AppData\Local\appium-desktop\app-1.6.2\resources\app\node_modules\appium\node_modules\core-js\library\modules\$.export.js:30:36)
    at AsyncIterator.enqueue (C:\Users\V19OFadel\AppData\Local\appium-desktop\app-1.6.2\resources\app\node_modules\appium\node_modules\babel-runtime\regenerator\runtime.js:184:12)
    at AsyncIterator.prototype.(anonymous function) [as next] (C:\Users\V19OFadel\AppData\Local\appium-desktop\app-1.6.2\resources\app\node_modules\appium\node_modules\babel-runtime\regenerator\runtime.js:100:21)
    at Object.runtime.async (C:\Users\V19OFadel\AppData\Local\appium-desktop\app-1.6.2\resources\app\node_modules\appium\node_modules\babel-runtime\regenerator\runtime.js:209:12)
    at XCUITestDriver.callee$0$0 [as createSession] (C:\Users\V19OFadel\AppData\Local\appium-desktop\app-1.6.2\resources\app\node_modules\appium\node_modules\appium-base-driver\build\lib\basedriver\commands\session.js:35:30)
    at XCUITestDriver.createSession$ (C:\Users\V19OFadel\AppData\Local\appium-desktop\app-1.6.2\resources\app\node_modules\appium\node_modules\appium-xcuitest-driver\lib\driver.js:101:21)
    at tryCatch (C:\Users\V19OFadel\AppData\Local\appium-desktop\app-1.6.2\resources\app\node_modules\appium\node_modules\babel-runtime\regenerator\runtime.js:67:40)
    at GeneratorFunctionPrototype.invoke [as _invoke] (C:\Users\V19OFadel\AppData\Local\appium-desktop\app-1.6.2\resources\app\node_modules\appium\node_modules\babel-runtime\regenerator\runtime.js:315:22)
    at GeneratorFunctionPrototype.prototype.(anonymous function) [as next] (C:\Users\V19OFadel\AppData\Local\appium-desktop\app-1.6.2\resources\app\node_modules\appium\node_modules\babel-runtime\regenerator\runtime.js:100:21)
    at invoke (C:\Users\V19OFadel\AppData\Local\appium-desktop\app-1.6.2\resources\app\node_modules\appium\node_modules\babel-runtime\regenerator\runtime.js:136:37)
    at enqueueResult (C:\Users\V19OFadel\AppData\Local\appium-desktop\app-1.6.2\resources\app\node_modules\appium\node_modules\babel-runtime\regenerator\runtime.js:185:17)
    at new Promise (<anonymous>)
    at new F (C:\Users\V19OFadel\AppData\Local\appium-desktop\app-1.6.2\resources\app\node_modules\appium\node_modules\core-js\library\modules\$.export.js:30:36)
    at AsyncIterator.enqueue (C:\Users\V19OFadel\AppData\Local\appium-desktop\app-1.6.2\resources\app\node_modules\appium\node_modules\babel-runtime\regenerator\runtime.js:184:12)
    at AsyncIterator.prototype.(anonymous function) [as next] (C:\Users\V19OFadel\AppData\Local\appium-desktop\app-1.6.2\resources\app\node_modules\appium\node_modules\babel-runtime\regenerator\runtime.js:100:21)
    at Object.runtime.async (C:\Users\V19OFadel\AppData\Local\appium-desktop\app-1.6.2\resources\app\node_modules\appium\node_modules\babel-runtime\regenerator\runtime.js:209:12)
    at XCUITestDriver.createSession (C:\Users\V19OFadel\AppData\Local\appium-desktop\app-1.6.2\resources\app\node_modules\appium\node_modules\appium-xcuitest-driver\build\lib\driver.js:220:34)
    at AppiumDriver.callee$2$0$ (C:\Users\V19OFadel\AppData\Local\appium-desktop\app-1.6.2\resources\app\node_modules\appium\lib\appium.js:244:43)
    at tryCatch (C:\Users\V19OFadel\AppData\Local\appium-desktop\app-1.6.2\resources\app\node_modules\appium\node_modules\babel-runtime\regenerator\runtime.js:67:40)
    at GeneratorFunctionPrototype.invoke [as _invoke] (C:\Users\V19OFadel\AppData\Local\appium-desktop\app-1.6.2\resources\app\node_modules\appium\node_modules\babel-runtime\regenerator\runtime.js:315:22)
    at GeneratorFunctionPrototype.prototype.(anonymous function) [as next] (C:\Users\V19OFadel\AppData\Local\appium-desktop\app-1.6.2\resources\app\node_modules\appium\node_modules\babel-runtime\regenerator\runtime.js:100:21)
    at GeneratorFunctionPrototype.invoke (C:\Users\V19OFadel\AppData\Local\appium-desktop\app-1.6.2\resources\app\node_modules\appium\node_modules\babel-runtime\regenerator\runtime.js:136:37)
    at <anonymous>
    at process._tickCallback (internal/process/next_tick.js:188:7)
Build info: version: '3.141.59', revision: 'e82be7d358', time: '2018-11-14T08:17:03'
System info: host: 'ITKSHC8R', ip: '10.104.244.192', os.name: 'Windows 10', os.arch: 'amd64', os.version: '10.0', java.version: '1.8.0_161'
Driver info: driver.version: IOSDriver
	at io.appium.java_client.remote.AppiumCommandExecutor$1.createSession(AppiumCommandExecutor.java:208)
	at io.appium.java_client.remote.AppiumCommandExecutor.createSession(AppiumCommandExecutor.java:217)
	at io.appium.java_client.remote.AppiumCommandExecutor.execute(AppiumCommandExecutor.java:239)
	at org.openqa.selenium.remote.RemoteWebDriver.execute(RemoteWebDriver.java:552)
	at io.appium.java_client.DefaultGenericMobileDriver.execute(DefaultGenericMobileDriver.java:42)
	at io.appium.java_client.AppiumDriver.execute(AppiumDriver.java:1)
	at io.appium.java_client.ios.IOSDriver.execute(IOSDriver.java:1)
	at org.openqa.selenium.remote.RemoteWebDriver.startSession(RemoteWebDriver.java:213)
	at org.openqa.selenium.remote.RemoteWebDriver.<init>(RemoteWebDriver.java:131)
	at io.appium.java_client.DefaultGenericMobileDriver.<init>(DefaultGenericMobileDriver.java:38)
	at io.appium.java_client.AppiumDriver.<init>(AppiumDriver.java:84)
	at io.appium.java_client.AppiumDriver.<init>(AppiumDriver.java:94)
	at io.appium.java_client.ios.IOSDriver.<init>(IOSDriver.java:95)
	at utilities.TestBase.appInit(TestBase.java:81)
	at sun.reflect.NativeMethodAccessorImpl.invoke0(Native Method)
	at sun.reflect.NativeMethodAccessorImpl.invoke(NativeMethodAccessorImpl.java:62)
	at sun.reflect.DelegatingMethodAccessorImpl.invoke(DelegatingMethodAccessorImpl.java:43)
	at java.lang.reflect.Method.invoke(Method.java:498)
	at org.testng.internal.MethodInvocationHelper.invokeMethod(MethodInvocationHelper.java:86)
	at org.testng.internal.Invoker.invokeConfigurationMethod(Invoker.java:515)
	at org.testng.internal.Invoker.invokeConfigurations(Invoker.java:216)
	at org.testng.internal.Invoker.invokeConfigurations(Invoker.java:143)
	at org.testng.TestRunner.beforeRun(TestRunner.java:656)
	at org.testng.TestRunner.run(TestRunner.java:624)
	at org.testng.SuiteRunner.runTest(SuiteRunner.java:366)
	at org.testng.SuiteRunner.runSequentially(SuiteRunner.java:361)
	at org.testng.SuiteRunner.privateRun(SuiteRunner.java:319)
	at org.testng.SuiteRunner.run(SuiteRunner.java:268)
	at org.testng.SuiteRunnerWorker.runSuite(SuiteRunnerWorker.java:52)
	at org.testng.SuiteRunnerWorker.run(SuiteRunnerWorker.java:86)
	at org.testng.TestNG.runSuitesSequentially(TestNG.java:1225)
	at org.testng.TestNG.runSuitesLocally(TestNG.java:1150)
	at org.testng.TestNG.runSuites(TestNG.java:1075)
	at org.testng.TestNG.run(TestNG.java:1047)
	at org.testng.remote.AbstractRemoteTestNG.run(AbstractRemoteTestNG.java:126)
	at org.testng.remote.RemoteTestNG.initAndRun(RemoteTestNG.java:137)
	at org.testng.remote.RemoteTestNG.main(RemoteTestNG.java:58)
Caused by: java.lang.reflect.InvocationTargetException
	at sun.reflect.NativeMethodAccessorImpl.invoke0(Native Method)
	at sun.reflect.NativeMethodAccessorImpl.invoke(NativeMethodAccessorImpl.java:62)
	at sun.reflect.DelegatingMethodAccessorImpl.invoke(DelegatingMethodAccessorImpl.java:43)
	at java.lang.reflect.Method.invoke(Method.java:498)
	at io.appium.java_client.remote.AppiumCommandExecutor$1.createSession(AppiumCommandExecutor.java:186)
	... 36 more
Caused by: org.openqa.selenium.InvalidArgumentException: 'wdaLocalPort' must be of type number; 'webkitDebugProxyPort' must be of type number
Build info: version: '3.141.59', revision: 'e82be7d358', time: '2018-11-14T08:17:03'
System info: host: 'ITKSHC8R', ip: '10.104.244.192', os.name: 'Windows 10', os.arch: 'amd64', os.version: '10.0', java.version: '1.8.0_161'
Driver info: driver.version: IOSDriver
remote stacktrace: InvalidArgumentError: 'wdaLocalPort' must be of type number; 'webkitDebugProxyPort' must be of type number
    at validateCaps (C:\Users\V19OFadel\AppData\Local\appium-desktop\app-1.6.2\resources\app\node_modules\appium\node_modules\appium-base-driver\lib\basedriver\capabilities.js:52:11)
    at parseCaps (C:\Users\V19OFadel\AppData\Local\appium-desktop\app-1.6.2\resources\app\node_modules\appium\node_modules\appium-base-driver\lib\basedriver\capabilities.js:154:20)
    at processCapabilities (C:\Users\V19OFadel\AppData\Local\appium-desktop\app-1.6.2\resources\app\node_modules\appium\node_modules\appium-base-driver\lib\basedriver\capabilities.js:197:43)
    at XCUITestDriver.callee$0$0$ (C:\Users\V19OFadel\AppData\Local\appium-desktop\app-1.6.2\resources\app\node_modules\appium\node_modules\appium-base-driver\lib\basedriver\commands\session.js:36:14)
    at tryCatch (C:\Users\V19OFadel\AppData\Local\appium-desktop\app-1.6.2\resources\app\node_modules\appium\node_modules\babel-runtime\regenerator\runtime.js:67:40)
    at GeneratorFunctionPrototype.invoke [as _invoke] (C:\Users\V19OFadel\AppData\Local\appium-desktop\app-1.6.2\resources\app\node_modules\appium\node_modules\babel-runtime\regenerator\runtime.js:315:22)
    at GeneratorFunctionPrototype.prototype.(anonymous function) [as next] (C:\Users\V19OFadel\AppData\Local\appium-desktop\app-1.6.2\resources\app\node_modules\appium\node_modules\babel-runtime\regenerator\runtime.js:100:21)
    at invoke (C:\Users\V19OFadel\AppData\Local\appium-desktop\app-1.6.2\resources\app\node_modules\appium\node_modules\babel-runtime\regenerator\runtime.js:136:37)
    at enqueueResult (C:\Users\V19OFadel\AppData\Local\appium-desktop\app-1.6.2\resources\app\node_modules\appium\node_modules\babel-runtime\regenerator\runtime.js:185:17)
    at new Promise (<anonymous>)
    at new F (C:\Users\V19OFadel\AppData\Local\appium-desktop\app-1.6.2\resources\app\node_modules\appium\node_modules\core-js\library\modules\$.export.js:30:36)
    at AsyncIterator.enqueue (C:\Users\V19OFadel\AppData\Local\appium-desktop\app-1.6.2\resources\app\node_modules\appium\node_modules\babel-runtime\regenerator\runtime.js:184:12)
    at AsyncIterator.prototype.(anonymous function) [as next] (C:\Users\V19OFadel\AppData\Local\appium-desktop\app-1.6.2\resources\app\node_modules\appium\node_modules\babel-runtime\regenerator\runtime.js:100:21)
    at Object.runtime.async (C:\Users\V19OFadel\AppData\Local\appium-desktop\app-1.6.2\resources\app\node_modules\appium\node_modules\babel-runtime\regenerator\runtime.js:209:12)
    at XCUITestDriver.callee$0$0 [as createSession] (C:\Users\V19OFadel\AppData\Local\appium-desktop\app-1.6.2\resources\app\node_modules\appium\node_modules\appium-base-driver\build\lib\basedriver\commands\session.js:35:30)
    at XCUITestDriver.createSession$ (C:\Users\V19OFadel\AppData\Local\appium-desktop\app-1.6.2\resources\app\node_modules\appium\node_modules\appium-xcuitest-driver\lib\driver.js:101:21)
    at tryCatch (C:\Users\V19OFadel\AppData\Local\appium-desktop\app-1.6.2\resources\app\node_modules\appium\node_modules\babel-runtime\regenerator\runtime.js:67:40)
    at GeneratorFunctionPrototype.invoke [as _invoke] (C:\Users\V19OFadel\AppData\Local\appium-desktop\app-1.6.2\resources\app\node_modules\appium\node_modules\babel-runtime\regenerator\runtime.js:315:22)
    at GeneratorFunctionPrototype.prototype.(anonymous function) [as next] (C:\Users\V19OFadel\AppData\Local\appium-desktop\app-1.6.2\resources\app\node_modules\appium\node_modules\babel-runtime\regenerator\runtime.js:100:21)
    at invoke (C:\Users\V19OFadel\AppData\Local\appium-desktop\app-1.6.2\resources\app\node_modules\appium\node_modules\babel-runtime\regenerator\runtime.js:136:37)
    at enqueueResult (C:\Users\V19OFadel\AppData\Local\appium-desktop\app-1.6.2\resources\app\node_modules\appium\node_modules\babel-runtime\regenerator\runtime.js:185:17)
    at new Promise (<anonymous>)
    at new F (C:\Users\V19OFadel\AppData\Local\appium-desktop\app-1.6.2\resources\app\node_modules\appium\node_modules\core-js\library\modules\$.export.js:30:36)
    at AsyncIterator.enqueue (C:\Users\V19OFadel\AppData\Local\appium-desktop\app-1.6.2\resources\app\node_modules\appium\node_modules\babel-runtime\regenerator\runtime.js:184:12)
    at AsyncIterator.prototype.(anonymous function) [as next] (C:\Users\V19OFadel\AppData\Local\appium-desktop\app-1.6.2\resources\app\node_modules\appium\node_modules\babel-runtime\regenerator\runtime.js:100:21)
    at Object.runtime.async (C:\Users\V19OFadel\AppData\Local\appium-desktop\app-1.6.2\resources\app\node_modules\appium\node_modules\babel-runtime\regenerator\runtime.js:209:12)
    at XCUITestDriver.createSession (C:\Users\V19OFadel\AppData\Local\appium-desktop\app-1.6.2\resources\app\node_modules\appium\node_modules\appium-xcuitest-driver\build\lib\driver.js:220:34)
    at AppiumDriver.callee$2$0$ (C:\Users\V19OFadel\AppData\Local\appium-desktop\app-1.6.2\resources\app\node_modules\appium\lib\appium.js:244:43)
    at tryCatch (C:\Users\V19OFadel\AppData\Local\appium-desktop\app-1.6.2\resources\app\node_modules\appium\node_modules\babel-runtime\regenerator\runtime.js:67:40)
    at GeneratorFunctionPrototype.invoke [as _invoke] (C:\Users\V19OFadel\AppData\Local\appium-desktop\app-1.6.2\resources\app\node_modules\appium\node_modules\babel-runtime\regenerator\runtime.js:315:22)
    at GeneratorFunctionPrototype.prototype.(anonymous function) [as next] (C:\Users\V19OFadel\AppData\Local\appium-desktop\app-1.6.2\resources\app\node_modules\appium\node_modules\babel-runtime\regenerator\runtime.js:100:21)
    at GeneratorFunctionPrototype.invoke (C:\Users\V19OFadel\AppData\Local\appium-desktop\app-1.6.2\resources\app\node_modules\appium\node_modules\babel-runtime\regenerator\runtime.js:136:37)
    at <anonymous>
    at process._tickCallback (internal/process/next_tick.js:188:7)
	at sun.reflect.NativeConstructorAccessorImpl.newInstance0(Native Method)
	at sun.reflect.NativeConstructorAccessorImpl.newInstance(NativeConstructorAccessorImpl.java:62)
	at sun.reflect.DelegatingConstructorAccessorImpl.newInstance(DelegatingConstructorAccessorImpl.java:45)
	at java.lang.reflect.Constructor.newInstance(Constructor.java:423)
	at org.openqa.selenium.remote.W3CHandshakeResponse.lambda$errorHandler$0(W3CHandshakeResponse.java:62)
	at org.openqa.selenium.remote.HandshakeResponse.lambda$getResponseFunction$0(HandshakeResponse.java:30)
	at org.openqa.selenium.remote.ProtocolHandshake.lambda$createSession$0(ProtocolHandshake.java:126)
	at java.util.stream.ReferencePipeline$3$1.accept(ReferencePipeline.java:193)
	at java.util.Spliterators$ArraySpliterator.tryAdvance(Spliterators.java:958)
	at java.util.stream.ReferencePipeline.forEachWithCancel(ReferencePipeline.java:126)
	at java.util.stream.AbstractPipeline.copyIntoWithCancel(AbstractPipeline.java:498)
	at java.util.stream.AbstractPipeline.copyInto(AbstractPipeline.java:485)
	at java.util.stream.AbstractPipeline.wrapAndCopyInto(AbstractPipeline.java:471)
	at java.util.stream.FindOps$FindOp.evaluateSequential(FindOps.java:152)
	at java.util.stream.AbstractPipeline.evaluate(AbstractPipeline.java:234)
	at java.util.stream.ReferencePipeline.findFirst(ReferencePipeline.java:464)
	at org.openqa.selenium.remote.ProtocolHandshake.createSession(ProtocolHandshake.java:128)
	... 41 more
]]>
    </error>
  </testcase> <!-- runScenario -->
  <testcase name="runScenario" time="39.463" classname="app.tickets.redQouta.RedQoutaRunner"/>
  <testcase name="runScenario" time="43.636" classname="app.tickets.redQouta.RedQoutaRunner"/>
  <testcase name="runScenario" time="0.001" classname="app.tickets.redQouta.RedQoutaRunner">
    <error type="org.openqa.selenium.SessionNotCreatedException" message="Unable to create a new remote session. Please check the server log for more details. Original error: &#039;wdaLocalPort&#039; must be of type number; &#039;webkitDebugProxyPort&#039; must be of type number
Build info: version: &#039;3.141.59&#039;, revision: &#039;e82be7d358&#039;, time: &#039;2018-11-14T08:17:03&#039;
System info: host: &#039;ITKSHC8R&#039;, ip: &#039;10.104.244.192&#039;, os.name: &#039;Windows 10&#039;, os.arch: &#039;amd64&#039;, os.version: &#039;10.0&#039;, java.version: &#039;1.8.0_161&#039;
Driver info: driver.version: IOSDriver
remote stacktrace: InvalidArgumentError: &#039;wdaLocalPort&#039; must be of type number; &#039;webkitDebugProxyPort&#039; must be of type number
    at validateCaps (C:\Users\V19OFadel\AppData\Local\appium-desktop\app-1.6.2\resources\app\node_modules\appium\node_modules\appium-base-driver\lib\basedriver\capabilities.js:52:11)
    at parseCaps (C:\Users\V19OFadel\AppData\Local\appium-desktop\app-1.6.2\resources\app\node_modules\appium\node_modules\appium-base-driver\lib\basedriver\capabilities.js:154:20)
    at processCapabilities (C:\Users\V19OFadel\AppData\Local\appium-desktop\app-1.6.2\resources\app\node_modules\appium\node_modules\appium-base-driver\lib\basedriver\capabilities.js:197:43)
    at XCUITestDriver.callee$0$0$ (C:\Users\V19OFadel\AppData\Local\appium-desktop\app-1.6.2\resources\app\node_modules\appium\node_modules\appium-base-driver\lib\basedriver\commands\session.js:36:14)
    at tryCatch (C:\Users\V19OFadel\AppData\Local\appium-desktop\app-1.6.2\resources\app\node_modules\appium\node_modules\babel-runtime\regenerator\runtime.js:67:40)
    at GeneratorFunctionPrototype.invoke [as _invoke] (C:\Users\V19OFadel\AppData\Local\appium-desktop\app-1.6.2\resources\app\node_modules\appium\node_modules\babel-runtime\regenerator\runtime.js:315:22)
    at GeneratorFunctionPrototype.prototype.(anonymous function) [as next] (C:\Users\V19OFadel\AppData\Local\appium-desktop\app-1.6.2\resources\app\node_modules\appium\node_modules\babel-runtime\regenerator\runtime.js:100:21)
    at invoke (C:\Users\V19OFadel\AppData\Local\appium-desktop\app-1.6.2\resources\app\node_modules\appium\node_modules\babel-runtime\regenerator\runtime.js:136:37)
    at enqueueResult (C:\Users\V19OFadel\AppData\Local\appium-desktop\app-1.6.2\resources\app\node_modules\appium\node_modules\babel-runtime\regenerator\runtime.js:185:17)
    at new Promise (&lt;anonymous&gt;)
    at new F (C:\Users\V19OFadel\AppData\Local\appium-desktop\app-1.6.2\resources\app\node_modules\appium\node_modules\core-js\library\modules\$.export.js:30:36)
    at AsyncIterator.enqueue (C:\Users\V19OFadel\AppData\Local\appium-desktop\app-1.6.2\resources\app\node_modules\appium\node_modules\babel-runtime\regenerator\runtime.js:184:12)
    at AsyncIterator.prototype.(anonymous function) [as next] (C:\Users\V19OFadel\AppData\Local\appium-desktop\app-1.6.2\resources\app\node_modules\appium\node_modules\babel-runtime\regenerator\runtime.js:100:21)
    at Object.runtime.async (C:\Users\V19OFadel\AppData\Local\appium-desktop\app-1.6.2\resources\app\node_modules\appium\node_modules\babel-runtime\regenerator\runtime.js:209:12)
    at XCUITestDriver.callee$0$0 [as createSession] (C:\Users\V19OFadel\AppData\Local\appium-desktop\app-1.6.2\resources\app\node_modules\appium\node_modules\appium-base-driver\build\lib\basedriver\commands\session.js:35:30)
    at XCUITestDriver.createSession$ (C:\Users\V19OFadel\AppData\Local\appium-desktop\app-1.6.2\resources\app\node_modules\appium\node_modules\appium-xcuitest-driver\lib\driver.js:101:21)
    at tryCatch (C:\Users\V19OFadel\AppData\Local\appium-desktop\app-1.6.2\resources\app\node_modules\appium\node_modules\babel-runtime\regenerator\runtime.js:67:40)
    at GeneratorFunctionPrototype.invoke [as _invoke] (C:\Users\V19OFadel\AppData\Local\appium-desktop\app-1.6.2\resources\app\node_modules\appium\node_modules\babel-runtime\regenerator\runtime.js:315:22)
    at GeneratorFunctionPrototype.prototype.(anonymous function) [as next] (C:\Users\V19OFadel\AppData\Local\appium-desktop\app-1.6.2\resources\app\node_modules\appium\node_modules\babel-runtime\regenerator\runtime.js:100:21)
    at invoke (C:\Users\V19OFadel\AppData\Local\appium-desktop\app-1.6.2\resources\app\node_modules\appium\node_modules\babel-runtime\regenerator\runtime.js:136:37)
    at enqueueResult (C:\Users\V19OFadel\AppData\Local\appium-desktop\app-1.6.2\resources\app\node_modules\appium\node_modules\babel-runtime\regenerator\runtime.js:185:17)
    at new Promise (&lt;anonymous&gt;)
    at new F (C:\Users\V19OFadel\AppData\Local\appium-desktop\app-1.6.2\resources\app\node_modules\appium\node_modules\core-js\library\modules\$.export.js:30:36)
    at AsyncIterator.enqueue (C:\Users\V19OFadel\AppData\Local\appium-desktop\app-1.6.2\resources\app\node_modules\appium\node_modules\babel-runtime\regenerator\runtime.js:184:12)
    at AsyncIterator.prototype.(anonymous function) [as next] (C:\Users\V19OFadel\AppData\Local\appium-desktop\app-1.6.2\resources\app\node_modules\appium\node_modules\babel-runtime\regenerator\runtime.js:100:21)
    at Object.runtime.async (C:\Users\V19OFadel\AppData\Local\appium-desktop\app-1.6.2\resources\app\node_modules\appium\node_modules\babel-runtime\regenerator\runtime.js:209:12)
    at XCUITestDriver.createSession (C:\Users\V19OFadel\AppData\Local\appium-desktop\app-1.6.2\resources\app\node_modules\appium\node_modules\appium-xcuitest-driver\build\lib\driver.js:220:34)
    at AppiumDriver.callee$2$0$ (C:\Users\V19OFadel\AppData\Local\appium-desktop\app-1.6.2\resources\app\node_modules\appium\lib\appium.js:244:43)
    at tryCatch (C:\Users\V19OFadel\AppData\Local\appium-desktop\app-1.6.2\resources\app\node_modules\appium\node_modules\babel-runtime\regenerator\runtime.js:67:40)
    at GeneratorFunctionPrototype.invoke [as _invoke] (C:\Users\V19OFadel\AppData\Local\appium-desktop\app-1.6.2\resources\app\node_modules\appium\node_modules\babel-runtime\regenerator\runtime.js:315:22)
    at GeneratorFunctionPrototype.prototype.(anonymous function) [as next] (C:\Users\V19OFadel\AppData\Local\appium-desktop\app-1.6.2\resources\app\node_modules\appium\node_modules\babel-runtime\regenerator\runtime.js:100:21)
    at GeneratorFunctionPrototype.invoke (C:\Users\V19OFadel\AppData\Local\appium-desktop\app-1.6.2\resources\app\node_modules\appium\node_modules\babel-runtime\regenerator\runtime.js:136:37)
    at &lt;anonymous&gt;
    at process._tickCallback (internal/process/next_tick.js:188:7)
Build info: version: &#039;3.141.59&#039;, revision: &#039;e82be7d358&#039;, time: &#039;2018-11-14T08:17:03&#039;
System info: host: &#039;ITKSHC8R&#039;, ip: &#039;10.104.244.192&#039;, os.name: &#039;Windows 10&#039;, os.arch: &#039;amd64&#039;, os.version: &#039;10.0&#039;, java.version: &#039;1.8.0_161&#039;
Driver info: driver.version: IOSDriver">
      <![CDATA[org.openqa.selenium.SessionNotCreatedException: Unable to create a new remote session. Please check the server log for more details. Original error: 'wdaLocalPort' must be of type number; 'webkitDebugProxyPort' must be of type number
Build info: version: '3.141.59', revision: 'e82be7d358', time: '2018-11-14T08:17:03'
System info: host: 'ITKSHC8R', ip: '10.104.244.192', os.name: 'Windows 10', os.arch: 'amd64', os.version: '10.0', java.version: '1.8.0_161'
Driver info: driver.version: IOSDriver
remote stacktrace: InvalidArgumentError: 'wdaLocalPort' must be of type number; 'webkitDebugProxyPort' must be of type number
    at validateCaps (C:\Users\V19OFadel\AppData\Local\appium-desktop\app-1.6.2\resources\app\node_modules\appium\node_modules\appium-base-driver\lib\basedriver\capabilities.js:52:11)
    at parseCaps (C:\Users\V19OFadel\AppData\Local\appium-desktop\app-1.6.2\resources\app\node_modules\appium\node_modules\appium-base-driver\lib\basedriver\capabilities.js:154:20)
    at processCapabilities (C:\Users\V19OFadel\AppData\Local\appium-desktop\app-1.6.2\resources\app\node_modules\appium\node_modules\appium-base-driver\lib\basedriver\capabilities.js:197:43)
    at XCUITestDriver.callee$0$0$ (C:\Users\V19OFadel\AppData\Local\appium-desktop\app-1.6.2\resources\app\node_modules\appium\node_modules\appium-base-driver\lib\basedriver\commands\session.js:36:14)
    at tryCatch (C:\Users\V19OFadel\AppData\Local\appium-desktop\app-1.6.2\resources\app\node_modules\appium\node_modules\babel-runtime\regenerator\runtime.js:67:40)
    at GeneratorFunctionPrototype.invoke [as _invoke] (C:\Users\V19OFadel\AppData\Local\appium-desktop\app-1.6.2\resources\app\node_modules\appium\node_modules\babel-runtime\regenerator\runtime.js:315:22)
    at GeneratorFunctionPrototype.prototype.(anonymous function) [as next] (C:\Users\V19OFadel\AppData\Local\appium-desktop\app-1.6.2\resources\app\node_modules\appium\node_modules\babel-runtime\regenerator\runtime.js:100:21)
    at invoke (C:\Users\V19OFadel\AppData\Local\appium-desktop\app-1.6.2\resources\app\node_modules\appium\node_modules\babel-runtime\regenerator\runtime.js:136:37)
    at enqueueResult (C:\Users\V19OFadel\AppData\Local\appium-desktop\app-1.6.2\resources\app\node_modules\appium\node_modules\babel-runtime\regenerator\runtime.js:185:17)
    at new Promise (<anonymous>)
    at new F (C:\Users\V19OFadel\AppData\Local\appium-desktop\app-1.6.2\resources\app\node_modules\appium\node_modules\core-js\library\modules\$.export.js:30:36)
    at AsyncIterator.enqueue (C:\Users\V19OFadel\AppData\Local\appium-desktop\app-1.6.2\resources\app\node_modules\appium\node_modules\babel-runtime\regenerator\runtime.js:184:12)
    at AsyncIterator.prototype.(anonymous function) [as next] (C:\Users\V19OFadel\AppData\Local\appium-desktop\app-1.6.2\resources\app\node_modules\appium\node_modules\babel-runtime\regenerator\runtime.js:100:21)
    at Object.runtime.async (C:\Users\V19OFadel\AppData\Local\appium-desktop\app-1.6.2\resources\app\node_modules\appium\node_modules\babel-runtime\regenerator\runtime.js:209:12)
    at XCUITestDriver.callee$0$0 [as createSession] (C:\Users\V19OFadel\AppData\Local\appium-desktop\app-1.6.2\resources\app\node_modules\appium\node_modules\appium-base-driver\build\lib\basedriver\commands\session.js:35:30)
    at XCUITestDriver.createSession$ (C:\Users\V19OFadel\AppData\Local\appium-desktop\app-1.6.2\resources\app\node_modules\appium\node_modules\appium-xcuitest-driver\lib\driver.js:101:21)
    at tryCatch (C:\Users\V19OFadel\AppData\Local\appium-desktop\app-1.6.2\resources\app\node_modules\appium\node_modules\babel-runtime\regenerator\runtime.js:67:40)
    at GeneratorFunctionPrototype.invoke [as _invoke] (C:\Users\V19OFadel\AppData\Local\appium-desktop\app-1.6.2\resources\app\node_modules\appium\node_modules\babel-runtime\regenerator\runtime.js:315:22)
    at GeneratorFunctionPrototype.prototype.(anonymous function) [as next] (C:\Users\V19OFadel\AppData\Local\appium-desktop\app-1.6.2\resources\app\node_modules\appium\node_modules\babel-runtime\regenerator\runtime.js:100:21)
    at invoke (C:\Users\V19OFadel\AppData\Local\appium-desktop\app-1.6.2\resources\app\node_modules\appium\node_modules\babel-runtime\regenerator\runtime.js:136:37)
    at enqueueResult (C:\Users\V19OFadel\AppData\Local\appium-desktop\app-1.6.2\resources\app\node_modules\appium\node_modules\babel-runtime\regenerator\runtime.js:185:17)
    at new Promise (<anonymous>)
    at new F (C:\Users\V19OFadel\AppData\Local\appium-desktop\app-1.6.2\resources\app\node_modules\appium\node_modules\core-js\library\modules\$.export.js:30:36)
    at AsyncIterator.enqueue (C:\Users\V19OFadel\AppData\Local\appium-desktop\app-1.6.2\resources\app\node_modules\appium\node_modules\babel-runtime\regenerator\runtime.js:184:12)
    at AsyncIterator.prototype.(anonymous function) [as next] (C:\Users\V19OFadel\AppData\Local\appium-desktop\app-1.6.2\resources\app\node_modules\appium\node_modules\babel-runtime\regenerator\runtime.js:100:21)
    at Object.runtime.async (C:\Users\V19OFadel\AppData\Local\appium-desktop\app-1.6.2\resources\app\node_modules\appium\node_modules\babel-runtime\regenerator\runtime.js:209:12)
    at XCUITestDriver.createSession (C:\Users\V19OFadel\AppData\Local\appium-desktop\app-1.6.2\resources\app\node_modules\appium\node_modules\appium-xcuitest-driver\build\lib\driver.js:220:34)
    at AppiumDriver.callee$2$0$ (C:\Users\V19OFadel\AppData\Local\appium-desktop\app-1.6.2\resources\app\node_modules\appium\lib\appium.js:244:43)
    at tryCatch (C:\Users\V19OFadel\AppData\Local\appium-desktop\app-1.6.2\resources\app\node_modules\appium\node_modules\babel-runtime\regenerator\runtime.js:67:40)
    at GeneratorFunctionPrototype.invoke [as _invoke] (C:\Users\V19OFadel\AppData\Local\appium-desktop\app-1.6.2\resources\app\node_modules\appium\node_modules\babel-runtime\regenerator\runtime.js:315:22)
    at GeneratorFunctionPrototype.prototype.(anonymous function) [as next] (C:\Users\V19OFadel\AppData\Local\appium-desktop\app-1.6.2\resources\app\node_modules\appium\node_modules\babel-runtime\regenerator\runtime.js:100:21)
    at GeneratorFunctionPrototype.invoke (C:\Users\V19OFadel\AppData\Local\appium-desktop\app-1.6.2\resources\app\node_modules\appium\node_modules\babel-runtime\regenerator\runtime.js:136:37)
    at <anonymous>
    at process._tickCallback (internal/process/next_tick.js:188:7)
Build info: version: '3.141.59', revision: 'e82be7d358', time: '2018-11-14T08:17:03'
System info: host: 'ITKSHC8R', ip: '10.104.244.192', os.name: 'Windows 10', os.arch: 'amd64', os.version: '10.0', java.version: '1.8.0_161'
Driver info: driver.version: IOSDriver
	at io.appium.java_client.remote.AppiumCommandExecutor$1.createSession(AppiumCommandExecutor.java:208)
	at io.appium.java_client.remote.AppiumCommandExecutor.createSession(AppiumCommandExecutor.java:217)
	at io.appium.java_client.remote.AppiumCommandExecutor.execute(AppiumCommandExecutor.java:239)
	at org.openqa.selenium.remote.RemoteWebDriver.execute(RemoteWebDriver.java:552)
	at io.appium.java_client.DefaultGenericMobileDriver.execute(DefaultGenericMobileDriver.java:42)
	at io.appium.java_client.AppiumDriver.execute(AppiumDriver.java:1)
	at io.appium.java_client.ios.IOSDriver.execute(IOSDriver.java:1)
	at org.openqa.selenium.remote.RemoteWebDriver.startSession(RemoteWebDriver.java:213)
	at org.openqa.selenium.remote.RemoteWebDriver.<init>(RemoteWebDriver.java:131)
	at io.appium.java_client.DefaultGenericMobileDriver.<init>(DefaultGenericMobileDriver.java:38)
	at io.appium.java_client.AppiumDriver.<init>(AppiumDriver.java:84)
	at io.appium.java_client.AppiumDriver.<init>(AppiumDriver.java:94)
	at io.appium.java_client.ios.IOSDriver.<init>(IOSDriver.java:95)
	at utilities.TestBase.appInit(TestBase.java:81)
	at sun.reflect.NativeMethodAccessorImpl.invoke0(Native Method)
	at sun.reflect.NativeMethodAccessorImpl.invoke(NativeMethodAccessorImpl.java:62)
	at sun.reflect.DelegatingMethodAccessorImpl.invoke(DelegatingMethodAccessorImpl.java:43)
	at java.lang.reflect.Method.invoke(Method.java:498)
	at org.testng.internal.MethodInvocationHelper.invokeMethod(MethodInvocationHelper.java:86)
	at org.testng.internal.Invoker.invokeConfigurationMethod(Invoker.java:515)
	at org.testng.internal.Invoker.invokeConfigurations(Invoker.java:216)
	at org.testng.internal.Invoker.invokeConfigurations(Invoker.java:143)
	at org.testng.TestRunner.beforeRun(TestRunner.java:656)
	at org.testng.TestRunner.run(TestRunner.java:624)
	at org.testng.SuiteRunner.runTest(SuiteRunner.java:366)
	at org.testng.SuiteRunner.runSequentially(SuiteRunner.java:361)
	at org.testng.SuiteRunner.privateRun(SuiteRunner.java:319)
	at org.testng.SuiteRunner.run(SuiteRunner.java:268)
	at org.testng.SuiteRunnerWorker.runSuite(SuiteRunnerWorker.java:52)
	at org.testng.SuiteRunnerWorker.run(SuiteRunnerWorker.java:86)
	at org.testng.TestNG.runSuitesSequentially(TestNG.java:1225)
	at org.testng.TestNG.runSuitesLocally(TestNG.java:1150)
	at org.testng.TestNG.runSuites(TestNG.java:1075)
	at org.testng.TestNG.run(TestNG.java:1047)
	at org.testng.remote.AbstractRemoteTestNG.run(AbstractRemoteTestNG.java:126)
	at org.testng.remote.RemoteTestNG.initAndRun(RemoteTestNG.java:137)
	at org.testng.remote.RemoteTestNG.main(RemoteTestNG.java:58)
Caused by: java.lang.reflect.InvocationTargetException
	at sun.reflect.NativeMethodAccessorImpl.invoke0(Native Method)
	at sun.reflect.NativeMethodAccessorImpl.invoke(NativeMethodAccessorImpl.java:62)
	at sun.reflect.DelegatingMethodAccessorImpl.invoke(DelegatingMethodAccessorImpl.java:43)
	at java.lang.reflect.Method.invoke(Method.java:498)
	at io.appium.java_client.remote.AppiumCommandExecutor$1.createSession(AppiumCommandExecutor.java:186)
	... 36 more
Caused by: org.openqa.selenium.InvalidArgumentException: 'wdaLocalPort' must be of type number; 'webkitDebugProxyPort' must be of type number
Build info: version: '3.141.59', revision: 'e82be7d358', time: '2018-11-14T08:17:03'
System info: host: 'ITKSHC8R', ip: '10.104.244.192', os.name: 'Windows 10', os.arch: 'amd64', os.version: '10.0', java.version: '1.8.0_161'
Driver info: driver.version: IOSDriver
remote stacktrace: InvalidArgumentError: 'wdaLocalPort' must be of type number; 'webkitDebugProxyPort' must be of type number
    at validateCaps (C:\Users\V19OFadel\AppData\Local\appium-desktop\app-1.6.2\resources\app\node_modules\appium\node_modules\appium-base-driver\lib\basedriver\capabilities.js:52:11)
    at parseCaps (C:\Users\V19OFadel\AppData\Local\appium-desktop\app-1.6.2\resources\app\node_modules\appium\node_modules\appium-base-driver\lib\basedriver\capabilities.js:154:20)
    at processCapabilities (C:\Users\V19OFadel\AppData\Local\appium-desktop\app-1.6.2\resources\app\node_modules\appium\node_modules\appium-base-driver\lib\basedriver\capabilities.js:197:43)
    at XCUITestDriver.callee$0$0$ (C:\Users\V19OFadel\AppData\Local\appium-desktop\app-1.6.2\resources\app\node_modules\appium\node_modules\appium-base-driver\lib\basedriver\commands\session.js:36:14)
    at tryCatch (C:\Users\V19OFadel\AppData\Local\appium-desktop\app-1.6.2\resources\app\node_modules\appium\node_modules\babel-runtime\regenerator\runtime.js:67:40)
    at GeneratorFunctionPrototype.invoke [as _invoke] (C:\Users\V19OFadel\AppData\Local\appium-desktop\app-1.6.2\resources\app\node_modules\appium\node_modules\babel-runtime\regenerator\runtime.js:315:22)
    at GeneratorFunctionPrototype.prototype.(anonymous function) [as next] (C:\Users\V19OFadel\AppData\Local\appium-desktop\app-1.6.2\resources\app\node_modules\appium\node_modules\babel-runtime\regenerator\runtime.js:100:21)
    at invoke (C:\Users\V19OFadel\AppData\Local\appium-desktop\app-1.6.2\resources\app\node_modules\appium\node_modules\babel-runtime\regenerator\runtime.js:136:37)
    at enqueueResult (C:\Users\V19OFadel\AppData\Local\appium-desktop\app-1.6.2\resources\app\node_modules\appium\node_modules\babel-runtime\regenerator\runtime.js:185:17)
    at new Promise (<anonymous>)
    at new F (C:\Users\V19OFadel\AppData\Local\appium-desktop\app-1.6.2\resources\app\node_modules\appium\node_modules\core-js\library\modules\$.export.js:30:36)
    at AsyncIterator.enqueue (C:\Users\V19OFadel\AppData\Local\appium-desktop\app-1.6.2\resources\app\node_modules\appium\node_modules\babel-runtime\regenerator\runtime.js:184:12)
    at AsyncIterator.prototype.(anonymous function) [as next] (C:\Users\V19OFadel\AppData\Local\appium-desktop\app-1.6.2\resources\app\node_modules\appium\node_modules\babel-runtime\regenerator\runtime.js:100:21)
    at Object.runtime.async (C:\Users\V19OFadel\AppData\Local\appium-desktop\app-1.6.2\resources\app\node_modules\appium\node_modules\babel-runtime\regenerator\runtime.js:209:12)
    at XCUITestDriver.callee$0$0 [as createSession] (C:\Users\V19OFadel\AppData\Local\appium-desktop\app-1.6.2\resources\app\node_modules\appium\node_modules\appium-base-driver\build\lib\basedriver\commands\session.js:35:30)
    at XCUITestDriver.createSession$ (C:\Users\V19OFadel\AppData\Local\appium-desktop\app-1.6.2\resources\app\node_modules\appium\node_modules\appium-xcuitest-driver\lib\driver.js:101:21)
    at tryCatch (C:\Users\V19OFadel\AppData\Local\appium-desktop\app-1.6.2\resources\app\node_modules\appium\node_modules\babel-runtime\regenerator\runtime.js:67:40)
    at GeneratorFunctionPrototype.invoke [as _invoke] (C:\Users\V19OFadel\AppData\Local\appium-desktop\app-1.6.2\resources\app\node_modules\appium\node_modules\babel-runtime\regenerator\runtime.js:315:22)
    at GeneratorFunctionPrototype.prototype.(anonymous function) [as next] (C:\Users\V19OFadel\AppData\Local\appium-desktop\app-1.6.2\resources\app\node_modules\appium\node_modules\babel-runtime\regenerator\runtime.js:100:21)
    at invoke (C:\Users\V19OFadel\AppData\Local\appium-desktop\app-1.6.2\resources\app\node_modules\appium\node_modules\babel-runtime\regenerator\runtime.js:136:37)
    at enqueueResult (C:\Users\V19OFadel\AppData\Local\appium-desktop\app-1.6.2\resources\app\node_modules\appium\node_modules\babel-runtime\regenerator\runtime.js:185:17)
    at new Promise (<anonymous>)
    at new F (C:\Users\V19OFadel\AppData\Local\appium-desktop\app-1.6.2\resources\app\node_modules\appium\node_modules\core-js\library\modules\$.export.js:30:36)
    at AsyncIterator.enqueue (C:\Users\V19OFadel\AppData\Local\appium-desktop\app-1.6.2\resources\app\node_modules\appium\node_modules\babel-runtime\regenerator\runtime.js:184:12)
    at AsyncIterator.prototype.(anonymous function) [as next] (C:\Users\V19OFadel\AppData\Local\appium-desktop\app-1.6.2\resources\app\node_modules\appium\node_modules\babel-runtime\regenerator\runtime.js:100:21)
    at Object.runtime.async (C:\Users\V19OFadel\AppData\Local\appium-desktop\app-1.6.2\resources\app\node_modules\appium\node_modules\babel-runtime\regenerator\runtime.js:209:12)
    at XCUITestDriver.createSession (C:\Users\V19OFadel\AppData\Local\appium-desktop\app-1.6.2\resources\app\node_modules\appium\node_modules\appium-xcuitest-driver\build\lib\driver.js:220:34)
    at AppiumDriver.callee$2$0$ (C:\Users\V19OFadel\AppData\Local\appium-desktop\app-1.6.2\resources\app\node_modules\appium\lib\appium.js:244:43)
    at tryCatch (C:\Users\V19OFadel\AppData\Local\appium-desktop\app-1.6.2\resources\app\node_modules\appium\node_modules\babel-runtime\regenerator\runtime.js:67:40)
    at GeneratorFunctionPrototype.invoke [as _invoke] (C:\Users\V19OFadel\AppData\Local\appium-desktop\app-1.6.2\resources\app\node_modules\appium\node_modules\babel-runtime\regenerator\runtime.js:315:22)
    at GeneratorFunctionPrototype.prototype.(anonymous function) [as next] (C:\Users\V19OFadel\AppData\Local\appium-desktop\app-1.6.2\resources\app\node_modules\appium\node_modules\babel-runtime\regenerator\runtime.js:100:21)
    at GeneratorFunctionPrototype.invoke (C:\Users\V19OFadel\AppData\Local\appium-desktop\app-1.6.2\resources\app\node_modules\appium\node_modules\babel-runtime\regenerator\runtime.js:136:37)
    at <anonymous>
    at process._tickCallback (internal/process/next_tick.js:188:7)
	at sun.reflect.NativeConstructorAccessorImpl.newInstance0(Native Method)
	at sun.reflect.NativeConstructorAccessorImpl.newInstance(NativeConstructorAccessorImpl.java:62)
	at sun.reflect.DelegatingConstructorAccessorImpl.newInstance(DelegatingConstructorAccessorImpl.java:45)
	at java.lang.reflect.Constructor.newInstance(Constructor.java:423)
	at org.openqa.selenium.remote.W3CHandshakeResponse.lambda$errorHandler$0(W3CHandshakeResponse.java:62)
	at org.openqa.selenium.remote.HandshakeResponse.lambda$getResponseFunction$0(HandshakeResponse.java:30)
	at org.openqa.selenium.remote.ProtocolHandshake.lambda$createSession$0(ProtocolHandshake.java:126)
	at java.util.stream.ReferencePipeline$3$1.accept(ReferencePipeline.java:193)
	at java.util.Spliterators$ArraySpliterator.tryAdvance(Spliterators.java:958)
	at java.util.stream.ReferencePipeline.forEachWithCancel(ReferencePipeline.java:126)
	at java.util.stream.AbstractPipeline.copyIntoWithCancel(AbstractPipeline.java:498)
	at java.util.stream.AbstractPipeline.copyInto(AbstractPipeline.java:485)
	at java.util.stream.AbstractPipeline.wrapAndCopyInto(AbstractPipeline.java:471)
	at java.util.stream.FindOps$FindOp.evaluateSequential(FindOps.java:152)
	at java.util.stream.AbstractPipeline.evaluate(AbstractPipeline.java:234)
	at java.util.stream.ReferencePipeline.findFirst(ReferencePipeline.java:464)
	at org.openqa.selenium.remote.ProtocolHandshake.createSession(ProtocolHandshake.java:128)
	... 41 more
]]>
    </error>
  </testcase> <!-- runScenario -->
</testsuite> <!-- app.tickets.redQouta.RedQoutaRunner -->
